"../../../Proteus/Content/Proteus_Multi/VOIPSoundClass.uasset" 0
"../../../Engine/Content/Functions/Engine_MaterialFunctions01/Opacity/CameraDepthFade.uasset" 1
"../../../Engine/Content/EngineMaterials/T_Default_Material_Grid_M.uasset" 2
"../../../Engine/Content/EngineMaterials/T_Default_Material_Grid_N.uasset" 3
"../../../Engine/Content/EngineMaterials/DefaultMaterial.uasset" 4
"../../../Engine/Content/BasicShapes/Cone.uasset" 5
"../../../Engine/Content/EngineMaterials/WorldGridMaterial.uasset" 6
"../../../Engine/Content/BasicShapes/Plane.uasset" 7
"../../../Engine/Content/EditorLandscapeResources/DataLayer.uasset" 8
"../../../Engine/Content/EditorMaterials/GizmoMaterial.uasset" 9
"../../../Engine/Content/EditorMaterials/MAT_Groups_Toggle.uasset" 10
"../../../Engine/Content/EditorMaterials/MAT_Groups_Visibility.uasset" 11
"../../../Engine/Content/EditorMaterials/PreviewShadowIndicator.uasset" 12
"../../../Engine/Content/EditorMaterials/PreviewShadowIndicatorMaterial.uasset" 13
"../../../Engine/Content/EditorMaterials/MatineeGroups/MAT_ColorTrack.uasset" 14
"../../../Engine/Content/EditorMaterials/MatineeGroups/MAT_Groups_Anim.uasset" 15
"../../../Engine/Content/EditorMaterials/MatineeGroups/MAT_Groups_AudioMaster.uasset" 16
"../../../Engine/Content/EditorMaterials/MatineeGroups/MAT_Groups_Director.uasset" 17
"../../../Engine/Content/EditorMaterials/MatineeGroups/MAT_Groups_Event.uasset" 18
"../../../Engine/Content/EditorMaterials/MatineeGroups/MAT_Groups_Fade.uasset" 19
"../../../Engine/Content/EditorMaterials/MatineeGroups/MAT_Groups_Float.uasset" 20
"../../../Engine/Content/EditorMaterials/MatineeGroups/MAT_Groups_Move.uasset" 21
"../../../Engine/Content/EditorMaterials/MatineeGroups/MAT_Groups_Slomo.uasset" 22
"../../../Engine/Content/EditorMaterials/MatineeGroups/MAT_Groups_Sound.uasset" 23
"../../../Engine/Content/EditorMaterials/MatineeGroups/MAT_Groups_Vector.uasset" 24
"../../../Engine/Content/EditorMaterials/ParticleSystems/PSysThumbnail_NoImage.uasset" 25
"../../../Engine/Content/EditorMaterials/ParticleSystems/PSysThumbnail_OOD.uasset" 26
"../../../Engine/Content/EditorMaterials/Camera/CineMat.uasset" 27
"../../../Engine/Content/EditorMaterials/Camera/MI_CineMat_Rig.uasset" 28
"../../../Engine/Content/EditorMeshes/Camera/SM_CraneRig_Arm.uasset" 29
"../../../Engine/Content/EditorMeshes/Camera/SM_CraneRig_Base.uasset" 30
"../../../Engine/Content/EditorMeshes/Camera/SM_CraneRig_Body.uasset" 31
"../../../Engine/Content/EditorMeshes/Camera/SM_CraneRig_Mount.uasset" 32
"../../../Engine/Content/EditorMeshes/Camera/SM_RailRig_Mount.uasset" 33
"../../../Engine/Content/EditorMeshes/Camera/SM_RailRig_Track.uasset" 34
"../../../Engine/Content/EditorResources/BSPVertex.uasset" 35
"../../../Engine/Content/EditorResources/EmptyActor.uasset" 36
"../../../Engine/Content/EditorResources/S_Actor.uasset" 37
"../../../Engine/Content/EditorResources/S_KHinge.uasset" 38
"../../../Engine/Content/EditorResources/S_KPrismatic.uasset" 39
"../../../Engine/Content/EditorResources/S_Trigger.uasset" 40
"../../../Engine/Content/EditorResources/LightIcons/S_LightError.uasset" 41
"../../../Engine/Content/EditorResources/SequenceRecorder/Countdown.uasset" 42
"../../../Engine/Content/EditorResources/SequenceRecorder/RecordingIndicator.uasset" 43
"../../../Engine/Content/EditorSounds/Notifications/CompileFailed.uasset" 44
"../../../Engine/Content/EditorSounds/Notifications/CompileFailed_Cue.uasset" 45
"../../../Engine/Content/EditorSounds/Notifications/CompileSuccess.uasset" 46
"../../../Engine/Content/EditorSounds/Notifications/CompileStart_Cue.uasset" 47
"../../../Engine/Content/EditorSounds/Notifications/CompileSuccess_Cue.uasset" 48
"../../../Engine/Content/EngineDamageTypes/DmgTypeBP_Environmental.uasset" 49
"../../../Engine/Content/EngineDebugMaterials/HeatmapGradient.uasset" 50
"../../../Engine/Content/EngineDebugMaterials/BoneWeightMaterial.uasset" 51
"../../../Engine/Content/EngineDebugMaterials/ClothMaterial.uasset" 52
"../../../Engine/Content/EngineDebugMaterials/ClothMaterial_WF.uasset" 53
"../../../Engine/Content/EngineDebugMaterials/DebugEditorMaterial.uasset" 54
"../../../Engine/Content/EngineDebugMaterials/DebugMeshMaterial.uasset" 55
"../../../Engine/Content/EngineDebugMaterials/GeomMaterial.uasset" 56
"../../../Engine/Content/EngineFonts/Faces/RobotoBold.uasset" 57
"../../../Engine/Content/EngineFonts/Faces/RobotoBoldItalic.uasset" 58
"../../../Engine/Content/EngineFonts/Faces/RobotoItalic.uasset" 59
"../../../Engine/Content/EngineFonts/Faces/RobotoLight.uasset" 60
"../../../Engine/Content/EngineFonts/Faces/RobotoRegular.uasset" 61
"../../../Engine/Content/EngineFonts/Roboto.uasset" 62
"../../../Engine/Content/EngineFonts/Faces/RobotoTiny.uasset" 63
"../../../Engine/Content/EngineFonts/RobotoTiny.uasset" 64
"../../../Engine/Content/EngineMaterials/DefaultBloomKernel.uasset" 65
"../../../Engine/Content/EngineMaterials/DefaultBokeh.uasset" 66
"../../../Engine/Content/EngineMaterials/DefaultDiffuse.uasset" 67
"../../../Engine/Content/EngineMaterials/DefaultDeferredDecalMaterial.uasset" 68
"../../../Engine/Content/EngineMaterials/DefaultLightFunctionMaterial.uasset" 69
"../../../Engine/Content/Functions/Engine_MaterialFunctions02/Utility/BreakOutFloat2Components.uasset" 70
"../../../Engine/Content/EngineMaterials/DefaultPostProcessMaterial.uasset" 71
"../../../Engine/Content/EngineFonts/RobotoDistanceField.uasset" 72
"../../../Engine/Content/EngineMaterials/DefaultTextMaterialOpaque.uasset" 73
"../../../Engine/Content/EngineMaterials/DefaultWhiteGrid.uasset" 74
"../../../Engine/Content/EngineMaterials/EditorBrushMaterial.uasset" 75
"../../../Engine/Content/EngineMaterials/MiniFont.uasset" 76
"../../../Engine/Content/EngineMaterials/InvalidLightmapSettings.uasset" 77
"../../../Engine/Content/EngineMaterials/M_InvalidLightmapSettings.uasset" 78
"../../../Engine/Content/Functions/Engine_MaterialFunctions02/WorldPositionOffset/CameraOffset.uasset" 79
"../../../Engine/Content/EngineMaterials/PhAT_JointLimitMaterial.uasset" 80
"../../../Engine/Content/EngineMaterials/PreintegratedSkinBRDF.uasset" 81
"../../../Engine/Content/EngineMaterials/RemoveSurfaceMaterial.uasset" 82
"../../../Engine/Content/EngineMaterials/WeightMapPlaceholderTexture.uasset" 83
"../../../Engine/Content/EngineResources/WhiteSquareTexture.uasset" 84
"../../../Engine/Content/EngineMaterials/Widget3DPassThrough.uasset" 85
"../../../Engine/Content/EngineMaterials/Widget3DPassThrough_Masked.uasset" 86
"../../../Engine/Content/EngineMaterials/Widget3DPassThrough_Opaque.uasset" 87
"../../../Engine/Content/EngineMaterials/Widget3DPassThrough_Masked_OneSided.uasset" 88
"../../../Engine/Content/EngineMaterials/Widget3DPassThrough_Opaque_OneSided.uasset" 89
"../../../Engine/Content/EngineMaterials/Widget3DPassThrough_Translucent.uasset" 90
"../../../Engine/Content/EngineMaterials/Widget3DPassThrough_Translucent_OneSided.uasset" 91
"../../../Engine/Content/EngineMeshes/Cube.uasset" 92
"../../../Engine/Content/EngineMeshes/Cylinder.uasset" 93
"../../../Engine/Content/EngineMeshes/Sphere.uasset" 94
"../../../Engine/Content/EngineResources/Black.uasset" 95
"../../../Engine/Content/EngineResources/DefaultTexture.uasset" 96
"../../../Engine/Content/EngineResources/DefaultTextureCube.uasset" 97
"../../../Engine/Content/EngineResources/GradientTexture0.uasset" 98
"../../../Engine/Content/Functions/Engine_MaterialFunctions01/Shading/ConvertFromDiffSpec.uasset" 99
"../../../Engine/Content/Functions/Engine_MaterialFunctions01/Shading/PowerToRoughness.uasset" 100
"../../../Engine/Content/Maps/Templates/Thumbnails/Default.uasset" 101
"../../../Engine/Content/Maps/Templates/Thumbnails/VR-Basic.uasset" 102
"../../../Engine/Content/MobileResources/T_MobileControls_texture.uasset" 103
"../../../Engine/Content/MobileResources/T_MobileMenu2.uasset" 104
"../../../Engine/Content/MobileResources/HUD/AnalogHat.uasset" 105
"../../../Engine/Content/MobileResources/HUD/VirtualJoystick_Background.uasset" 106
"../../../Engine/Content/MobileResources/HUD/VirtualJoystick_Thumb.uasset" 107
"../../../Engine/Content/MobileResources/HUD/DefaultVirtualJoysticks.uasset" 108
"../../../Engine/Content/MobileResources/HUD/LeftVirtualJoystickOnly.uasset" 109
"../../../Engine/Content/MobileResources/HUD/MobileHUDButton1_off.uasset" 110
"../../../Engine/Content/MobileResources/HUD/MobileHUDButton1_on.uasset" 111
"../../../Engine/Content/MobileResources/HUD/MobileHUDButton2_off.uasset" 112
"../../../Engine/Content/MobileResources/HUD/MobileHUDButton2_on.uasset" 113
"../../../Engine/Content/MobileResources/HUD/MobileHUDButton3.uasset" 114
"../../../Engine/Content/MobileResources/HUD/MobileHUDButtonFire.uasset" 115
"../../../Engine/Content/MobileResources/HUD/MobileHUDDirectionPad.uasset" 116
"../../../Engine/Content/MobileResources/HUD/MobileHUDDirectionPad2.uasset" 117
"../../../Engine/Content/MobileResources/HUD/MobileHUDDirectionPad3.uasset" 118
"../../../Engine/Content/MobileResources/HUD/MobileHUDDirectionStick.uasset" 119
"../../../Engine/Content/MobileResources/HUD/T_Castle_ThumbstickInner.uasset" 120
"../../../Engine/Content/MobileResources/HUD/T_Castle_ThumbstickOutter.uasset" 121
"../../../Engine/Content/Tutorial/ContentIntroCurve.uasset" 122
"../../../Engine/Content/Tutorial/Basics/TutorialAssets/icon_tab_Levels_40x.uasset" 123
"../../../Engine/Content/Tutorial/BlueprintTutorials/TutorialAssets/BlueprintInterface_64x.uasset" 124
"../../../Engine/Content/Tutorial/BlueprintTutorials/TutorialAssets/BlueprintMacroLibrary_64x.uasset" 125
"../../../Engine/Content/Tutorial/BlueprintTutorials/TutorialAssets/Blueprint_64x.uasset" 126
"../../../Engine/Content/Tutorial/BlueprintTutorials/TutorialAssets/Tutorial_BP_Interface.uasset" 127
"../../../Engine/Content/Tutorial/Foliage/TutorialAssets/Foliage.uasset" 128
"../../../Engine/Content/Tutorial/Landscape/TutorialAssets/Landscape.uasset" 129
"../../../Engine/Content/Tutorial/Paper2D/TutorialAssets/Paper2DFlipbook_TutorialIcon.uasset" 130
"../../../Engine/Content/Tutorial/Paper2D/TutorialAssets/Paper2DSprite_TutorialIcon.uasset" 131
"../../../Engine/Content/Tutorial/SubEditors/TutorialAssets/icon_Editor_Preferences_General_40x.uasset" 132
"../../../Engine/Content/Tutorial/SubEditors/TutorialAssets/icon_ShowSkeletalMeshes_40x.uasset" 133
"../../../Engine/Content/Tutorial/SubEditors/TutorialAssets/TutorialMaterial.uasset" 134
"../../../Engine/Content/Tutorial/SubEditors/TutorialAssets/T_SmokeSubUV_8X8.uasset" 135
"../../../Engine/Content/Tutorial/SubEditors/TutorialAssets/T_soft_smoke.uasset" 136
"../../../Engine/Content/Tutorial/SubEditors/TutorialAssets/M_smoke_subUV_blackbody.uasset" 137
"../../../Engine/Content/Tutorial/SubEditors/TutorialAssets/TutorialParticleSystem.uasset" 138
"../../../Engine/Content/VREditor/Devices/Generic/GenericHMDMaterial.uasset" 139
"../../../Engine/Content/VREditor/Devices/Generic/GenericHMD.uasset" 140
"../../../Engine/Content/VREditor/FloatingText/LineMaterial.uasset" 141
"../../../Engine/Content/VREditor/FloatingText/JointSphere.uasset" 142
"../../../Engine/Content/VREditor/FloatingText/LineSegmentCylinder.uasset" 143
"../../../Engine/Content/VREditor/Fonts/VRText_RobotoLarge.uasset" 144
"../../../Engine/Content/VREditor/Fonts/VRTextMaterial.uasset" 145
"../../../Engine/Content/VREditor/Fonts/TranslucentVRTextMaterial.uasset" 146
"../../../Engine/Content/VREditor/LaserPointer/CursorPointer.uasset" 147
"../../../Engine/Content/VREditor/LaserPointer/VR_LaserPower_01.uasset" 148
"../../../Engine/Content/VREditor/TransformGizmo/TransformGizmoMaterial.uasset" 149
"../../../Engine/Content/VREditor/LaserPointer/HoverMaterial.uasset" 150
"../../../Engine/Content/VREditor/TransformGizmo/TranslucentTransformGizmoMaterial.uasset" 151
"../../../Engine/Content/VREditor/LaserPointer/TranslucentHoverMaterial.uasset" 152
"../../../Engine/Content/VREditor/LaserPointer/HoverMesh.uasset" 153
"../../../Engine/Content/VREditor/LaserPointer/LaserPointerMaterial.uasset" 154
"../../../Engine/Content/VREditor/LaserPointer/LaserPointerMaterialInst.uasset" 155
"../../../Engine/Content/VREditor/LaserPointer/TranslucentLaserPointerMaterialInst.uasset" 156
"../../../Engine/Content/VREditor/LaserPointer/LaserPointerMesh.uasset" 157
"../../../Engine/Content/VREditor/LaserPointer/LaserPointerMesh_End.uasset" 158
"../../../Engine/Content/VREditor/LaserPointer/LaserPointerMesh_Start.uasset" 159
"../../../Engine/Content/Functions/Engine_MaterialFunctions02/Utility/BreakOutFloat3Components.uasset" 160
"../../../Engine/Content/Functions/Engine_MaterialFunctions02/Math/Transform3x3Matrix.uasset" 161
"../../../Engine/Content/Functions/Engine_MaterialFunctions02/SplitComponents.uasset" 162
"../../../Engine/Content/Functions/Engine_MaterialFunctions02/Utility/MakeFloat3.uasset" 163
"../../../Engine/Content/VREditor/SnapGrid/SnapGridMaterial.uasset" 164
"../../../Engine/Content/VREditor/SnapGrid/SnapGridPlaneMesh.uasset" 165
"../../../Engine/Content/VREditor/Sounds/VR_teleport.uasset" 166
"../../../Engine/Content/VREditor/Sounds/UI/Click_on_Button_Cue.uasset" 167
"../../../Engine/Content/VREditor/Sounds/UI/Dockable_Window_Close.uasset" 168
"../../../Engine/Content/VREditor/Sounds/UI/Dockable_Window_Drop.uasset" 169
"../../../Engine/Content/VREditor/Sounds/UI/Dockable_Window_Open.uasset" 170
"../../../Engine/Content/VREditor/Sounds/UI/Dockable_Window_Pick_Up.uasset" 171
"../../../Engine/Content/VREditor/Sounds/UI/Drop_Item_From_ContentBrowser.uasset" 172
"../../../Engine/Content/VREditor/Sounds/UI/Floating_UI_Open-001.uasset" 173
"../../../Engine/Content/VREditor/Sounds/UI/Gizmo_Handle_Clicked.uasset" 174
"../../../Engine/Content/VREditor/Sounds/UI/Object_PickUp.uasset" 175
"../../../Engine/Content/VREditor/Sounds/UI/Object_Snaps_To_Another_Actor.uasset" 176
"../../../Engine/Content/VREditor/Sounds/UI/Object_Snaps_To_Grid.uasset" 177
"../../../Engine/Content/VREditor/Sounds/UI/Radial_Menu_FadeOut.uasset" 178
"../../../Engine/Content/VREditor/Sounds/UI/Scaling_Down.uasset" 179
"../../../Engine/Content/VREditor/Sounds/UI/Scaling_Up.uasset" 180
"../../../Engine/Content/VREditor/Sounds/UI/Selection_Changes.uasset" 181
"../../../Engine/Content/VREditor/Sounds/UI/Teleport_Mode_Entered.uasset" 182
"../../../Engine/Content/VREditor/Teleport/TeleportDirectionMaterial.uasset" 183
"../../../Engine/Content/VREditor/Teleport/TeleportDirectionMaterial_Inst.uasset" 184
"../../../Engine/Content/VREditor/Teleport/TeleportDirectionMesh.uasset" 185
"../../../Engine/Content/VREditor/TransformGizmo/BoundingBoxCorner.uasset" 186
"../../../Engine/Content/VREditor/TransformGizmo/BoundingBoxEdge.uasset" 187
"../../../Engine/Content/VREditor/TransformGizmo/PlaneTranslationHandle.uasset" 188
"../../../Engine/Content/VREditor/TransformGizmo/RotationHandleFull.uasset" 189
"../../../Engine/Content/VREditor/TransformGizmo/RotationHandleIndicator.uasset" 190
"../../../Engine/Content/VREditor/TransformGizmo/RotationHandleQuarter.uasset" 191
"../../../Engine/Content/VREditor/TransformGizmo/Main.uasset" 192
"../../../Engine/Content/VREditor/TransformGizmo/Xray.uasset" 193
"../../../Engine/Content/VREditor/TransformGizmo/SM_Dialog_Close.uasset" 194
"../../../Engine/Content/VREditor/TransformGizmo/SM_Dialog_Move.uasset" 195
"../../../Engine/Content/VREditor/TransformGizmo/SM_Sequencer_Key.uasset" 196
"../../../Engine/Content/VREditor/TransformGizmo/SM_Sequencer_Node.uasset" 197
"../../../Engine/Content/VREditor/TransformGizmo/StartRotationHandleIndicator.uasset" 198
"../../../Engine/Content/VREditor/TransformGizmo/TranslucentTransformGizmoMaterial_Inst.uasset" 199
"../../../Engine/Content/VREditor/TransformGizmo/TransformGizmoFreeRotation.uasset" 200
"../../../Engine/Content/VREditor/TransformGizmo/TransformGizmoMaterial_Inst.uasset" 201
"../../../Engine/Content/VREditor/TransformGizmo/TranslateArrowHandle.uasset" 202
"../../../Engine/Content/VREditor/TransformGizmo/UniformScaleHandle.uasset" 203
"../../../Engine/Content/VREditor/UI/KeyDiskMaterial.uasset" 204
"../../../Engine/Content/VREditor/UI/DiscMaterial.uasset" 205
"../../../Engine/Content/VREditor/UI/SM_Radial_Disk.uasset" 206
"../../../Engine/Content/Functions/Engine_MaterialFunctions01/Gradient/RadialGradient.uasset" 207
"../../../Engine/Content/VREditor/WorldMovementGrid/SimpleGrid.uasset" 208
"../../../Engine/Content/VREditor/WorldMovementGrid/GridMaterial.uasset" 209
"../../../Engine/Content/Functions/Engine_MaterialFunctions01/Density/ExponentialDensity.uasset" 210
"../../../Engine/Content/VREditor/WorldMovementGrid/GridPostProcess.uasset" 211
"../../../Engine/Content/EditorLandscapeResources/FlattenHeightMat.uasset" 212
"../../../Engine/Content/VREditor/WorldMovementGrid/PlaneMesh.uasset" 213
"../../../Engine/Plugins/2D/Paper2D/Content/PlaceholderTextures/DummySpriteTexture.uasset" 214
"../../../Engine/Plugins/2D/Paper2D/Content/DummySprite.uasset" 215
"../../../Engine/Plugins/2D/Paper2D/Content/DefaultPaperTerrainMaterial.uasset" 216
"../../../Engine/Plugins/2D/Paper2D/Content/DefaultSpriteMaterial.uasset" 217
"../../../Engine/Plugins/2D/Paper2D/Content/MaskedUnlitSpriteMaterial.uasset" 218
"../../../Engine/Plugins/2D/Paper2D/Content/OpaqueUnlitSpriteMaterial.uasset" 219
"../../../Engine/Plugins/Media/MediaCompositing/Content/DefaultMediaPlaneMaterial.uasset" 220
"../../../Engine/Content/Functions/Engine_MaterialFunctions01/Texturing/ScaleUVsByCenter.uasset" 221
"../../../Engine/Content/Functions/Engine_MaterialFunctions02/Utility/MakeFloat4.uasset" 222
"../../../Engine/Plugins/Runtime/AppleARKit/Content/ARKitCameraMaterial.uasset" 223
"../../../Engine/Plugins/Runtime/Oculus/OculusVR/Content/Textures/GearVRController_AO.uasset" 224
"../../../Engine/Plugins/Runtime/Oculus/OculusVR/Content/Textures/GearVRController_Color.uasset" 225
"../../../Engine/Plugins/Runtime/Oculus/OculusVR/Content/Textures/GearVRController_Normal.uasset" 226
"../../../Engine/Plugins/Runtime/Oculus/OculusVR/Content/Materials/GearVRControllerMaterial.uasset" 227
"../../../Engine/Plugins/Runtime/Oculus/OculusVR/Content/Meshes/GearVrController.uasset" 228
"../../../Engine/Content/EditorBlueprintResources/StandardMacros.uasset" 229
"../../../Proteus/Content/Proteus_Multi/UI/Widgets/IPConnectMenu.uasset" 230
"../../../Proteus/Content/Proteus_Multi/UI/Actors/VRDirectIPMenu.uasset" 231
"../../../Proteus/Content/Proteus_Multi/UI/Actors/VRErrorDialog.uasset" 232
"../../../Proteus/Content/Proteus_Multi/ControllerEnum.uasset" 233
"../../../Proteus/Content/Proteus_Multi/ControllerSkinEnum.uasset" 234
"../../../Proteus/Content/Proteus_Multi/HMDMirrorMode.uasset" 235
"../../../Proteus/Content/Proteus_Multi/VRSettings.uasset" 236
"../../../Proteus/Content/Proteus_Multi/Textures/MultiMap01.uasset" 237
"../../../Proteus/Content/Proteus_Multi/Textures/VREssentialKItMap.uasset" 238
"../../../Proteus/Content/Proteus_Multi/UI/Widgets/HostMenu.uasset" 239
"../../../Proteus/Content/Proteus_Multi/UI/Actors/VRHostMenu.uasset" 240
"../../../Proteus/Content/Proteus_Multi/UI/Actors/VRLoadingScreen.uasset" 241
"../../../Proteus/Content/Proteus_Multi/UI/Widgets/MainMenu.uasset" 242
"../../../Proteus/Content/Proteus_Multi/UI/Actors/VRMainMenu.uasset" 243
"../../../Proteus/Content/Proteus_Multi/UI/Widgets/OculusDirectMenu.uasset" 244
"../../../Proteus/Content/Proteus_Multi/UI/Actors/VROculusDirectMenu.uasset" 245
"../../../Engine/Content/EditorBlueprintResources/ActorMacros.uasset" 246
"../../../Proteus/Content/Proteus_Multi/Materials/Pole_UP_M.uasset" 247
"../../../Proteus/Content/Proteus_Multi/Meshes/Cube.uasset" 248
"../../../Proteus/Content/Proteus_Multi/Meshes/CUBE_PAWN.uasset" 249
"../../../Proteus/Content/Proteus_Multi/Hands/CVR_Hand_Skeleton.uasset" 250
"../../../Proteus/Content/Proteus_Multi/Hands/CVR_Hand_Frame3.uasset" 251
"../../../Proteus/Content/Proteus_Multi/Hands/CVR_Hand_Frame4.uasset" 252
"../../../Proteus/Content/Proteus_Multi/Hands/CVR_Hand_Idle.uasset" 253
"../../../Proteus/Content/Proteus_Multi/Hands/CVR_Hand_HandBS.uasset" 254
"../../../Proteus/Content/Proteus_Multi/Hands/CVR_Hand_Frame2.uasset" 255
"../../../Proteus/Content/Proteus_Multi/Hands/CVR_Hand_IndexBS.uasset" 256
"../../../Proteus/Content/Proteus_Multi/Hands/CVR_Hand_ThumbBS.uasset" 257
"../../../Proteus/Content/Proteus_Multi/Hands/CVR_Hand_AnimBP.uasset" 258
"../../../Proteus/Content/Proteus_Multi/TouchControllers/Controller_Touch_SkeletonC.uasset" 259
"../../../Proteus/Content/Proteus_Multi/TouchControllers/IDLEANIM.uasset" 260
"../../../Proteus/Content/Proteus_Multi/TouchControllers/PRESSEDANIM.uasset" 261
"../../../Proteus/Content/Proteus_Multi/TouchControllers/TEST1D.uasset" 262
"../../../Proteus/Content/Proteus_Multi/TouchControllers/Controller_Touch_AnimBlueprintC.uasset" 263
"../../../Proteus/Content/Proteus_Multi/ViveControllers/Vive_Controller_V2_Skeleton.uasset" 264
"../../../Proteus/Content/Proteus_Multi/ViveControllers/Vive_Controller_V2_Idle.uasset" 265
"../../../Proteus/Content/Proteus_Multi/ViveControllers/Vive_Controller_V2_PullPose.uasset" 266
"../../../Proteus/Content/Proteus_Multi/ViveControllers/Vive_Controller_V2_Blendspace.uasset" 267
"../../../Proteus/Content/Proteus_Multi/ViveControllers/Vive_Controller_V2_Skeleton_AnimBlueprint.uasset" 268
"../../../Proteus/Content/Proteus_Multi/HandEnum.uasset" 269
"../../../Proteus/Content/Proteus_Multi/BI_InteractableActor.uasset" 270
"../../../Proteus/Content/Proteus_Multi/BI_SlotActor.uasset" 271
"../../../Proteus/Content/Proteus_Multi/Materials/Pole_Up_M2.uasset" 272
"../../../Proteus/Content/Proteus_Multi/ENUM_PickupObjectType.uasset" 273
"../../../Proteus/Content/Proteus_Multi/BP_PickupObject.uasset" 274
"../../../Engine/Content/BasicShapes/BasicShapeMaterial.uasset" 275
"../../../Engine/Content/BasicShapes/Sphere.uasset" 276
"../../../Proteus/Content/Proteus_Multi/BP_Slot.uasset" 277
"../../../Engine/Content/BasicShapes/Cube.uasset" 278
"../../../Proteus/Content/Proteus_Multi/ENUM_InteractableActorType.uasset" 279
"../../../Proteus/Content/Proteus_Multi/BP_InteractableActor.uasset" 280
"../../../Engine/Content/Functions/Engine_MaterialFunctions02/Math/MultiplyAdd.uasset" 281
"../../../Engine/Content/Functions/Engine_MaterialFunctions02/Texturing/ScreenAlignedPixelToPixelUVs.uasset" 282
"../../../Engine/Content/EngineMaterials/Good64x64TilingNoiseHighFreq.uasset" 283
"../../../Engine/Content/Functions/Engine_MaterialFunctions02/Utility/DitherTemporalAA.uasset" 284
"../../../Proteus/Content/Proteus_Multi/Materials/Opacity_C.uasset" 285
"../../../Proteus/Content/Proteus_Multi/Materials/Avatar_Exp_M.uasset" 286
"../../../Proteus/Content/Proteus_Multi/Materials/Avatar_Exp_M_Inst.uasset" 287
"../../../Proteus/Content/Proteus_Multi/Hands/CVR_Hand_Physics.uasset" 288
"../../../Proteus/Content/Proteus_Multi/Hands/CVR_Hand.uasset" 289
"../../../Proteus/Content/Proteus_Multi/Hands/CVR_Hand_BP.uasset" 290
"../../../Engine/Content/Functions/Engine_MaterialFunctions02/ScreenResolution.uasset" 291
"../../../Engine/Content/Functions/Engine_MaterialFunctions02/Texturing/ScreenAlignedUVs.uasset" 292
"../../../Engine/Content/Functions/Engine_MaterialFunctions02/Utility/CameraDirectionVector.uasset" 293
"../../../Engine/Content/Functions/Engine_MaterialFunctions02/Utility/DepthFromWorldPosition.uasset" 294
"../../../Proteus/Content/Proteus_Multi/Materials/MF_OccludedPixels.uasset" 295
"../../../Proteus/Content/Proteus_Multi/Materials/TeleportMCP.uasset" 296
"../../../Proteus/Content/Proteus_Multi/Materials/M_ArcEndpoint.uasset" 297
"../../../Proteus/Content/Proteus_Multi/TeleportationBP/ArcEndPointBP.uasset" 298
"../../../Proteus/Content/Proteus_Multi/Meshes/BeaconDirection.uasset" 299
"../../../Proteus/Content/Proteus_Multi/TeleportationBP/ArrowBP.uasset" 300
"../../../Proteus/Content/Proteus_Multi/Materials/M_TeleportPreviews.uasset" 301
"../../../Proteus/Content/Proteus_Multi/Materials/MI_ChaperoneOutline.uasset" 302
"../../../Proteus/Content/Proteus_Multi/Meshes/1x1_cube.uasset" 303
"../../../Proteus/Content/Proteus_Multi/TeleportationBP/Limits.uasset" 304
"../../../Proteus/Content/Proteus_Multi/TeleportationBP/SplineBP.uasset" 305
"../../../Proteus/Content/Proteus_Multi/Materials/MI_TeleportCylinderPreview.uasset" 306
"../../../Engine/Content/BasicShapes/Cylinder.uasset" 307
"../../../Proteus/Content/Proteus_Multi/TeleportationBP/T_Cylinder.uasset" 308
"../../../Proteus/Content/Proteus_Multi/TouchControllers/Controller_Mat_MC.uasset" 309
"../../../Proteus/Content/Proteus_Multi/TouchControllers/Controller_Shinny_MC.uasset" 310
"../../../Proteus/Content/Proteus_Multi/TouchControllers/Controller_Touch_PhysicsAssetC.uasset" 311
"../../../Proteus/Content/Proteus_Multi/TouchControllers/Controller_TouchC.uasset" 312
"../../../Proteus/Content/Proteus_Multi/TouchControllers/Controller_Touch_BP_C.uasset" 313
"../../../Proteus/Content/Proteus_Multi/ViveControllers/Skins/Controller_Vive_Mask.uasset" 314
"../../../Proteus/Content/Proteus_Multi/ViveControllers/Skins/controller_vive_substanceambient_occlusion.uasset" 315
"../../../Proteus/Content/Proteus_Multi/ViveControllers/Skins/controller_vive_substancenormal.uasset" 316
"../../../Proteus/Content/Proteus_Multi/ViveControllers/Skins/Controller_Vive_Texture.uasset" 317
"../../../Proteus/Content/Proteus_Multi/ViveControllers/Skins/Controller_Vive_MAT.uasset" 318
"../../../Proteus/Content/Proteus_Multi/ViveControllers/Vive_Controller_V2_PhysicsAsset.uasset" 319
"../../../Proteus/Content/Proteus_Multi/ViveControllers/Vive_Controller_V2.uasset" 320
"../../../Proteus/Content/Proteus_Multi/ViveControllers/ViveController_BP.uasset" 321
"../../../Proteus/Content/Proteus_Multi/VR_HapticCurve.uasset" 322
"../../../Proteus/Content/Proteus_Multi/Materials/M_SplineArcMat.uasset" 323
"../../../Proteus/Content/Proteus_Multi/ViveControllers/Skins/Skin_Apperture_Orange.uasset" 324
"../../../Proteus/Content/Proteus_Multi/ViveControllers/Skins/Controller_Apperture_Orange.uasset" 325
"../../../Proteus/Content/Proteus_Multi/ViveControllers/Skins/Skin_Carbon_Fiber.uasset" 326
"../../../Proteus/Content/Proteus_Multi/ViveControllers/Skins/Controller_Carbon_Fiber.uasset" 327
"../../../Proteus/Content/Proteus_Multi/ViveControllers/Skins/Skin_Tron_Aqua.uasset" 328
"../../../Proteus/Content/Proteus_Multi/ViveControllers/Skins/Controller_Tron_Aqua.uasset" 329
"../../../Proteus/Content/Proteus_Multi/ViveControllers/Skins/Skin_Tron_Clu.uasset" 330
"../../../Proteus/Content/Proteus_Multi/ViveControllers/Skins/Controller_Tron_Clu.uasset" 331
"../../../Proteus/Content/Proteus_Multi/GripEnum.uasset" 332
"../../../Proteus/Content/Proteus_Multi/HMDEnum.uasset" 333
"../../../Proteus/Content/Proteus_Multi/Meshes/BeamMesh.uasset" 334
"../../../Proteus/Content/Proteus_Multi/MotionControllerBP.uasset" 335
"../../../Proteus/Content/Proteus_Multi/Meshes/Pole.uasset" 336
"../../../Proteus/Content/Proteus_Multi/TeleportationBP/Pole_BP.uasset" 337
"../../../Proteus/Content/Proteus_Multi/UI/Widgets/Keyboard.uasset" 338
"../../../Proteus/Content/Proteus_Multi/UI/Actors/VRKeyboardInnerMenu.uasset" 339
"../../../Proteus/Content/Proteus_Multi/UI/Actors/VRKeyboardMenu.uasset" 340
"../../../Proteus/Content/Proteus_Multi/ViveTracker/Black_M.uasset" 341
"../../../Proteus/Content/Proteus_Multi/ViveTracker/Blue_M.uasset" 342
"../../../Proteus/Content/Proteus_Multi/ViveTracker/LED_M.uasset" 343
"../../../Proteus/Content/Proteus_Multi/ViveTracker/Yellow_M.uasset" 344
"../../../Proteus/Content/Proteus_Multi/ViveTracker/ViveTracker_S.uasset" 345
"../../../Proteus/Content/Proteus_Multi/ViveTracker/ViveTrackerBP.uasset" 346
"../../../Proteus/Content/Proteus_Multi/VR_PlayerState.uasset" 347
"../../../Proteus/Content/Proteus_Multi/Materials/Avatar01_MCP.uasset" 348
"../../../Proteus/Content/Proteus_Multi/Materials/Avatar01_Material.uasset" 349
"../../../Proteus/Content/Proteus_Multi/Head/Avatar_Head.uasset" 350
"../../../Proteus/Content/Proteus_Multi/Mirror/SpectatorRenderTarget.uasset" 351
"../../../Proteus/Content/Proteus_Multi/AvatarMaster.uasset" 352
"../../../Proteus/Content/Proteus_Multi/PlayerSettings.uasset" 353
"../../../Proteus/Content/Proteus_Multi/PlayerSaveGame.uasset" 354
"../../../Proteus/Content/Proteus_Multi/Textures/AVATAR_01.uasset" 355
"../../../Proteus/Content/Proteus_Multi/Textures/AVATAR_01_I.uasset" 356
"../../../Proteus/Content/Proteus_Multi/Textures/AVATAR_02.uasset" 357
"../../../Proteus/Content/Proteus_Multi/Textures/AVATAR_02_I.uasset" 358
"../../../Proteus/Content/Proteus_Multi/Textures/AVATAR_03.uasset" 359
"../../../Proteus/Content/Proteus_Multi/Textures/AVATAR_03_I.uasset" 360
"../../../Proteus/Content/Proteus_Multi/Textures/AVATAR_04.uasset" 361
"../../../Proteus/Content/Proteus_Multi/Textures/AVATAR_04_I.uasset" 362
"../../../Proteus/Content/Proteus_Multi/UI/Widgets/OptionsMenu.uasset" 363
"../../../Proteus/Content/Proteus_Multi/UI/Actors/VROptionsMenu.uasset" 364
"../../../Proteus/Content/Proteus_Multi/UI/Widgets/ActiveSessions.uasset" 365
"../../../Proteus/Content/Proteus_Multi/UI/Widgets/Oculusmatches.uasset" 366
"../../../Proteus/Content/Proteus_Multi/UI/Widgets/Steam_LAN_Menu.uasset" 367
"../../../Proteus/Content/Proteus_Multi/UI/Actors/VRSteam_LANMenu.uasset" 368
"../../../Proteus/Content/Proteus_Multi/UI/Widgets/ErrorDialog.uasset" 369
"../../../Proteus/Content/Proteus_Multi/GameInfoInstance.uasset" 370
"../../../Proteus/Content/Proteus_Multi/MainMenu_BuiltData.uasset" 371
"../../../Engine/Content/EngineMaterials/DefaultPhysicalMaterial.uasset" 372
"../../../Proteus/Content/Proteus_Multi/MainMenu.umap" 373
"../../../Engine/Content/EngineSky/C_Sky_Cloud_Color.uasset" 374
"../../../Engine/Content/EngineSky/C_Sky_Horizon_Color.uasset" 375
"../../../Engine/Content/EngineSky/C_Sky_Zenith_Color.uasset" 376
"../../../Engine/Content/EngineSky/T_Sky_Blue.uasset" 377
"../../../Engine/Content/EngineSky/T_Sky_Clouds_M.uasset" 378
"../../../Engine/Content/EngineSky/T_Sky_Stars.uasset" 379
"../../../Engine/Content/EngineSky/M_Sky_Panning_Clouds2.uasset" 380
"../../../Engine/Content/EngineSky/SM_SkySphere.uasset" 381
"../../../Engine/Content/EngineSky/BP_Sky_Sphere.uasset" 382
"../../../Proteus/Content/Proteus_Multi/Materials/CON_BATON.uasset" 383
"../../../Proteus/Content/Proteus_Multi/Materials/CON_HANDLE.uasset" 384
"../../../Proteus/Content/Proteus_Multi/Meshes/Baton_Mesh.uasset" 385
"../../../Proteus/Content/Proteus_Multi/InteractiveObjects/Baton_BP.uasset" 386
"../../../Proteus/Content/Proteus_Multi/Textures/T_MacroVariation.uasset" 387
"../../../Proteus/Content/Proteus_Multi/Materials/BOOK_M.uasset" 388
"../../../Proteus/Content/Proteus_Multi/Meshes/Book.uasset" 389
"../../../Proteus/Content/Proteus_Multi/InteractiveObjects/Book_BP.uasset" 390
"../../../Proteus/Content/Proteus_Multi/InteractiveObjects/Cube_BP.uasset" 391
"../../../Proteus/Content/Proteus_Multi/Materials/Sword_M.uasset" 392
"../../../Proteus/Content/Proteus_Multi/Meshes/Gun.uasset" 393
"../../../Proteus/Content/Proteus_Multi/InteractiveObjects/Gun_BP.uasset" 394
"../../../Proteus/Content/Proteus_Multi/Meshes/Hat.uasset" 395
"../../../Proteus/Content/Proteus_Multi/InteractiveObjects/Hat_BP.uasset" 396
"../../../Proteus/Content/Proteus_Multi/Meshes/Sword.uasset" 397
"../../../Proteus/Content/Proteus_Multi/InteractiveObjects/Sword_BP.uasset" 398
"../../../Proteus/Content/Proteus_Multi/MultiPC.uasset" 399
"../../../Proteus/Content/Proteus_Multi/VR_GameState.uasset" 400
"../../../Proteus/Content/Proteus_Multi/MultiGM.uasset" 401
"../../../Proteus/Content/Proteus_Multi/MultiMap01_BuiltData.uasset" 402
"../../../Engine/Content/Functions/Engine_MaterialFunctions03/Procedurals/ComputeFilterWidth.uasset" 403
"../../../Engine/Content/EngineMaterials/AntiAliasedTextMaterialTranslucent.uasset" 404
"../../../Proteus/Content/Proteus_Multi/Materials/M_BaseMaterial.uasset" 405
"../../../Proteus/Content/Proteus_Multi/Mirror/Mirror_MAT.uasset" 406
"../../../Engine/Content/EditorMeshes/EditorPlane.uasset" 407
"../../../Engine/Content/EditorResources/MatineeCam_D.uasset" 408
"../../../Engine/Content/EditorMaterials/MatineeCam_mat.uasset" 409
"../../../Engine/Content/EditorMeshes/MatineeCam_SM.uasset" 410
"../../../Proteus/Content/Proteus_Multi/Meshes/1M_Cube.uasset" 411
"../../../Proteus/Content/Proteus_Multi/Mirror/MirrorRenderTarget.uasset" 412
"../../../Proteus/Content/Proteus_Multi/MultiMap01.umap" 413
"../../../Proteus/Content/Proteus_Multi/TravelMap.umap" 414
"../../../Proteus/Content/DemoRoom/Materials/DefaultTextMaterialTranslucentUnlit.uasset" 415
"../../../Proteus/Content/DemoRoom/Materials/M_DemoWall.uasset" 416
"../../../Proteus/Content/ExampleContent/Audio/Physical_Materials/Rubber.uasset" 417
"../../../Proteus/Content/DemoRoom/Materials/M_DemoWall_Inst.uasset" 418
"../../../Proteus/Content/ExampleContent/Audio/Physical_Materials/Metal.uasset" 419
"../../../Proteus/Content/DemoRoom/Materials/M_DemoWall_Inst_3.uasset" 420
"../../../Proteus/Content/DemoRoom/Materials/M_DemoWall_Inst_NamePlate.uasset" 421
"../../../Proteus/Content/DemoRoom/Materials/M_DemoWall_Inst_BaseFloor_Inst.uasset" 422
"../../../Proteus/Content/DemoRoom/BluePrint/BP_DemoDisplay_Enum.uasset" 423
"../../../Proteus/Content/VR_Essential_Kit/Materials/CubeMaterial.uasset" 424
"../../../Proteus/Content/DemoRoom/Meshes/SM_Base.uasset" 425
"../../../Proteus/Content/DemoRoom/Materials/M_DemoWall_Inst2.uasset" 426
"../../../Proteus/Content/DemoRoom/Meshes/SM_Base2.uasset" 427
"../../../Proteus/Content/DemoRoom/Meshes/SM_Base_FlatWall.uasset" 428
"../../../Proteus/Content/DemoRoom/Meshes/SM_BaseRoom.uasset" 429
"../../../Proteus/Content/DemoRoom/Meshes/SM_NamePlate.uasset" 430
"../../../Proteus/Content/DemoRoom/BluePrint/BP_DemoDisplay.uasset" 431
"../../../Proteus/Content/DemoRoom/BluePrint/BP_Locked.uasset" 432
"../../../Proteus/Content/DemoRoom/BluePrint/BP_Position.uasset" 433
"../../../Proteus/Content/DemoRoom/BluePrint/BP_Turn.uasset" 434
"../../../Proteus/Content/VR_Essential_Kit/Meshes/SM_Frame.uasset" 435
"../../../Proteus/Content/VR_Essential_Kit/Blueprints/BP_Frame.uasset" 436
"../../../Proteus/Content/VR_Essential_Kit/Maps/VREssentialKitMap_BuiltData.uasset" 437
"../../../Proteus/Content/VR_Essential_Kit/Materials/Key_0.uasset" 438
"../../../Proteus/Content/VR_Essential_Kit/Materials/key_1.uasset" 439
"../../../Proteus/Content/VR_Essential_Kit/Meshes/1M_Cube.uasset" 440
"../../../Proteus/Content/VR_Essential_Kit/Meshes/SM_Button.uasset" 441
"../../../Proteus/Content/VR_Essential_Kit/Meshes/SM_ButtonBase.uasset" 442
"../../../Proteus/Content/VR_Essential_Kit/Meshes/SM_Chest.uasset" 443
"../../../Proteus/Content/VR_Essential_Kit/Meshes/SM_Chest2.uasset" 444
"../../../Proteus/Content/VR_Essential_Kit/Meshes/SM_Chest2OutterBox.uasset" 445
"../../../Proteus/Content/VR_Essential_Kit/Meshes/SM_ChestDrawer.uasset" 446
"../../../Proteus/Content/VR_Essential_Kit/Meshes/SM_Door.uasset" 447
"../../../Proteus/Content/VR_Essential_Kit/Meshes/SM_DoorFrame.uasset" 448
"../../../Proteus/Content/VR_Essential_Kit/Meshes/SM_Hallway_Pipe01_100.uasset" 449
"../../../Proteus/Content/VR_Essential_Kit/Meshes/SM_Hallway_Pipe01_100_Bent_90Tight.uasset" 450
"../../../Proteus/Content/VR_Essential_Kit/Meshes/SM_Hallway_Pipe_Clamp01.uasset" 451
"../../../Proteus/Content/VR_Essential_Kit/Meshes/SM_Hallway_Pipe_TJunction.uasset" 452
"../../../Proteus/Content/VR_Essential_Kit/Meshes/SM_Hallway_Pipe_Valve.uasset" 453
"../../../Proteus/Content/VR_Essential_Kit/Meshes/SM_Hallway_Pipe_Valve_Wheel.uasset" 454
"../../../Proteus/Content/VR_Essential_Kit/Meshes/SM_Key.uasset" 455
"../../../Proteus/Content/VR_Essential_Kit/Meshes/SM_Lever.uasset" 456
"../../../Proteus/Content/VR_Essential_Kit/Meshes/SM_LeverBase.uasset" 457
"../../../Proteus/Content/VR_Essential_Kit/Meshes/SM_Lock.uasset" 458
"../../../Proteus/Content/VR_Essential_Kit/Meshes/SM_Ram.uasset" 459
"../../../Proteus/Content/VR_Essential_Kit/Meshes/SM_RamBase.uasset" 460
"../../../Proteus/Content/VR_Essential_Kit/Meshes/SM_Throttle.uasset" 461
"../../../Proteus/Content/VR_Essential_Kit/Meshes/SM_ThrottleBase.uasset" 462
"../../../Proteus/Content/VR_Essential_Kit/Meshes/SM_Windmill.uasset" 463
"../../../Proteus/Content/VR_Essential_Kit/Meshes/SM_WindmillStalk.uasset" 464
"../../../Proteus/Content/VR_Essential_Kit/Maps/VREssentialKitMap.umap" 465
