Log file open, 05/03/18 15:46:09
LogWindows: Failed to load 'aqProf.dll' (GetLastError=126)
LogWindows: File 'aqProf.dll' does not exist
LogWindows: Failed to load 'VtuneApi.dll' (GetLastError=126)
LogWindows: File 'VtuneApi.dll' does not exist
LogWindows: Failed to load 'VtuneApi32e.dll' (GetLastError=126)
LogWindows: File 'VtuneApi32e.dll' does not exist
LogInit: Display: Running engine for game: Proteus
LogPlatformFile: Not using cached read wrapper
LogInit: Display: RandInit(-2010962463) SRandInit(-2010962463).
LogInit: Read version file with build ID '3709383'
LogInit: Overriding engine version to CL 3794801, compatible CL 3709383
LogInit: Registered custom module enumerator with build ID '3709383'
LogTaskGraph: Started task graph with 5 named threads and 14 total threads with 3 sets of task threads.
LogStats: Stats thread started at 0.638022
LogD3D11RHI: Aftermath initialized
LogModuleManager: Display: Found up-to-date module file ../../../Engine/Plugins/Online/OnlineSubsystemSteam/Binaries/Win64/UE4Editor-OnlineSubsystemSteam.dll (API version 3709383).
LogModuleManager: Display: Found up-to-date module file ../../../Engine/Plugins/Online/OnlineSubsystem/Binaries/Win64/UE4Editor-OnlineSubsystem.dll (API version 3709383).
LogModuleManager: Display: Found up-to-date module file ../../../Engine/Plugins/Online/OnlineSubsystemUtils/Binaries/Win64/UE4Editor-OnlineSubsystemUtils.dll (API version 3709383).
LogModuleManager: Display: Found up-to-date module file ../../../Engine/Plugins/Online/OnlineSubsystemUtils/Binaries/Win64/UE4Editor-OnlineBlueprintSupport.dll (API version 3709383).
LogModuleManager: Display: Found up-to-date module file ../../../Engine/Plugins/Online/OnlineSubsystemOculus/Binaries/Win64/UE4Editor-OnlineSubsystemOculus.dll (API version 3709383).
LogModuleManager: Display: Found up-to-date module file ../../../Engine/Plugins/Runtime/Oculus/OculusAudio/Binaries/Win64/UE4Editor-OculusAudio.dll (API version 3709383).
LogModuleManager: Display: Found up-to-date module file ../../../Engine/Plugins/2D/Paper2D/Binaries/Win64/UE4Editor-Paper2D.dll (API version 3709383).
LogModuleManager: Display: Found up-to-date module file ../../../Engine/Plugins/2D/Paper2D/Binaries/Win64/UE4Editor-Paper2DEditor.dll (API version 3709383).
LogModuleManager: Display: Found up-to-date module file ../../../Engine/Plugins/2D/Paper2D/Binaries/Win64/UE4Editor-PaperSpriteSheetImporter.dll (API version 3709383).
LogModuleManager: Display: Found up-to-date module file ../../../Engine/Plugins/2D/Paper2D/Binaries/Win64/UE4Editor-PaperTiledImporter.dll (API version 3709383).
LogModuleManager: Display: Found up-to-date module file ../../../Engine/Plugins/2D/Paper2D/Binaries/Win64/UE4Editor-SmartSnapping.dll (API version 3709383).
LogModuleManager: Display: Found up-to-date module file ../../../Engine/Plugins/Blendables/LightPropagationVolume/Binaries/Win64/UE4Editor-LightPropagationVolumeRuntime.dll (API version 3709383).
LogModuleManager: Display: Found up-to-date module file ../../../Engine/Plugins/Blendables/LightPropagationVolume/Binaries/Win64/UE4Editor-LightPropagationVolumeEditor.dll (API version 3709383).
LogModuleManager: Display: Found up-to-date module file ../../../Engine/Plugins/Developer/GitSourceControl/Binaries/Win64/UE4Editor-GitSourceControl.dll (API version 3709383).
LogModuleManager: Display: Found up-to-date module file ../../../Engine/Plugins/Developer/PerforceSourceControl/Binaries/Win64/UE4Editor-PerforceSourceControl.dll (API version 3709383).
LogModuleManager: Display: Found up-to-date module file ../../../Engine/Plugins/Developer/SubversionSourceControl/Binaries/Win64/UE4Editor-SubversionSourceControl.dll (API version 3709383).
LogModuleManager: Display: Found up-to-date module file ../../../Engine/Plugins/Developer/UObjectPlugin/Binaries/Win64/UE4Editor-UObjectPlugin.dll (API version 3709383).
LogModuleManager: Display: Found up-to-date module file ../../../Engine/Plugins/Developer/VisualStudioCodeSourceCodeAccess/Binaries/Win64/UE4Editor-VisualStudioCodeSourceCodeAccess.dll (API version 3709383).
LogModuleManager: Display: Found up-to-date module file ../../../Engine/Plugins/Developer/VisualStudioSourceCodeAccess/Binaries/Win64/UE4Editor-VisualStudioSourceCodeAccess.dll (API version 3709383).
LogModuleManager: Display: Found up-to-date module file ../../../Engine/Plugins/Editor/AssetManagerEditor/Binaries/Win64/UE4Editor-AssetManagerEditor.dll (API version 3709383).
LogModuleManager: Display: Found up-to-date module file ../../../Engine/Plugins/Editor/AudioCapture/Binaries/Win64/UE4Editor-AudioCapture.dll (API version 3709383).
LogModuleManager: Display: Found up-to-date module file ../../../Engine/Plugins/Editor/FacialAnimation/Binaries/Win64/UE4Editor-FacialAnimation.dll (API version 3709383).
LogModuleManager: Display: Found up-to-date module file ../../../Engine/Plugins/Editor/FacialAnimation/Binaries/Win64/UE4Editor-FacialAnimationEditor.dll (API version 3709383).
LogModuleManager: Display: Found up-to-date module file ../../../Engine/Plugins/Editor/GameplayTagsEditor/Binaries/Win64/UE4Editor-GameplayTagsEditor.dll (API version 3709383).
LogModuleManager: Display: Found up-to-date module file ../../../Engine/Plugins/Editor/MobileLauncherProfileWizard/Binaries/Win64/UE4Editor-MobileLauncherProfileWizard.dll (API version 3709383).
LogModuleManager: Display: Found up-to-date module file ../../../Engine/Plugins/Editor/PluginBrowser/Binaries/Win64/UE4Editor-PluginBrowser.dll (API version 3709383).
LogModuleManager: Display: Found up-to-date module file ../../../Engine/Plugins/Editor/SpeedTreeImporter/Binaries/Win64/UE4Editor-SpeedTreeImporter.dll (API version 3709383).
LogModuleManager: Display: Found up-to-date module file ../../../Engine/Plugins/Experimental/AlembicImporter/Binaries/Win64/UE4Editor-AlembicImporter.dll (API version 3709383).
LogModuleManager: Display: Found up-to-date module file ../../../Engine/Plugins/Experimental/AlembicImporter/Binaries/Win64/UE4Editor-AlembicLibrary.dll (API version 3709383).
LogModuleManager: Display: Found up-to-date module file ../../../Engine/Plugins/Experimental/CharacterAI/Binaries/Win64/UE4Editor-CharacterAI.dll (API version 3709383).
LogModuleManager: Display: Found up-to-date module file ../../../Engine/Plugins/Experimental/HTML5Networking/Binaries/Win64/UE4Editor-HTML5Networking.dll (API version 3709383).
LogModuleManager: Display: Found up-to-date module file ../../../Engine/Plugins/Media/AndroidMedia/Binaries/Win64/UE4Editor-AndroidMediaEditor.dll (API version 3709383).
LogModuleManager: Display: Found up-to-date module file ../../../Engine/Plugins/Media/AndroidMedia/Binaries/Win64/UE4Editor-AndroidMediaFactory.dll (API version 3709383).
LogModuleManager: Display: Found up-to-date module file ../../../Engine/Plugins/Media/AvfMedia/Binaries/Win64/UE4Editor-AvfMediaEditor.dll (API version 3709383).
LogModuleManager: Display: Found up-to-date module file ../../../Engine/Plugins/Media/AvfMedia/Binaries/Win64/UE4Editor-AvfMediaFactory.dll (API version 3709383).
LogModuleManager: Display: Found up-to-date module file ../../../Engine/Plugins/Media/AvfMedia/Binaries/Win64/UE4Editor-AvfMediaFactory.dll (API version 3709383).
LogModuleManager: Display: Found up-to-date module file ../../../Engine/Plugins/Media/ImgMedia/Binaries/Win64/UE4Editor-ImgMedia.dll (API version 3709383).
LogModuleManager: Display: Found up-to-date module file ../../../Engine/Plugins/Media/ImgMedia/Binaries/Win64/UE4Editor-ImgMediaEditor.dll (API version 3709383).
LogModuleManager: Display: Found up-to-date module file ../../../Engine/Plugins/Media/ImgMedia/Binaries/Win64/UE4Editor-ImgMediaFactory.dll (API version 3709383).
LogModuleManager: Display: Found up-to-date module file ../../../Engine/Plugins/Media/ImgMedia/Binaries/Win64/UE4Editor-ImgMediaFactory.dll (API version 3709383).
LogModuleManager: Display: Found up-to-date module file ../../../Engine/Plugins/Media/ImgMedia/Binaries/Win64/UE4Editor-OpenExrWrapper.dll (API version 3709383).
LogModuleManager: Display: Found up-to-date module file ../../../Engine/Plugins/Media/MediaCompositing/Binaries/Win64/UE4Editor-MediaCompositing.dll (API version 3709383).
LogModuleManager: Display: Found up-to-date module file ../../../Engine/Plugins/Media/MediaCompositing/Binaries/Win64/UE4Editor-MediaCompositingEditor.dll (API version 3709383).
LogModuleManager: Display: Found up-to-date module file ../../../Engine/Plugins/Media/MediaPlayerEditor/Binaries/Win64/UE4Editor-MediaPlayerEditor.dll (API version 3709383).
LogModuleManager: Display: Found up-to-date module file ../../../Engine/Plugins/Media/WmfMedia/Binaries/Win64/UE4Editor-WmfMedia.dll (API version 3709383).
LogModuleManager: Display: Found up-to-date module file ../../../Engine/Plugins/Media/WmfMedia/Binaries/Win64/UE4Editor-WmfMediaEditor.dll (API version 3709383).
LogModuleManager: Display: Found up-to-date module file ../../../Engine/Plugins/Media/WmfMedia/Binaries/Win64/UE4Editor-WmfMediaFactory.dll (API version 3709383).
LogModuleManager: Display: Found up-to-date module file ../../../Engine/Plugins/Media/WmfMedia/Binaries/Win64/UE4Editor-WmfMediaFactory.dll (API version 3709383).
LogModuleManager: Display: Found up-to-date module file ../../../Engine/Plugins/Messaging/TcpMessaging/Binaries/Win64/UE4Editor-TcpMessaging.dll (API version 3709383).
LogModuleManager: Display: Found up-to-date module file ../../../Engine/Plugins/Messaging/UdpMessaging/Binaries/Win64/UE4Editor-UdpMessaging.dll (API version 3709383).
LogModuleManager: Display: Found up-to-date module file ../../../Engine/Plugins/MovieScene/ActorSequence/Binaries/Win64/UE4Editor-ActorSequence.dll (API version 3709383).
LogModuleManager: Display: Found up-to-date module file ../../../Engine/Plugins/MovieScene/LevelSequenceEditor/Binaries/Win64/UE4Editor-LevelSequenceEditor.dll (API version 3709383).
LogModuleManager: Display: Found up-to-date module file ../../../Engine/Plugins/MovieScene/MatineeToLevelSequence/Binaries/Win64/UE4Editor-MatineeToLevelSequence.dll (API version 3709383).
LogModuleManager: Display: Found up-to-date module file ../../../Engine/Plugins/Online/OnlineSubsystemNull/Binaries/Win64/UE4Editor-OnlineSubsystemNull.dll (API version 3709383).
LogModuleManager: Display: Found up-to-date module file ../../../Engine/Plugins/Runtime/AndroidPermission/Binaries/Win64/UE4Editor-AndroidPermission.dll (API version 3709383).
LogModuleManager: Display: Found up-to-date module file ../../../Engine/Plugins/Runtime/AppleARKit/Binaries/Win64/UE4Editor-AppleARKit.dll (API version 3709383).
LogModuleManager: Display: Found up-to-date module file ../../../Engine/Plugins/Runtime/ArchVisCharacter/Binaries/Win64/UE4Editor-ArchVisCharacter.dll (API version 3709383).
LogModuleManager: Display: Found up-to-date module file ../../../Engine/Plugins/Runtime/CableComponent/Binaries/Win64/UE4Editor-CableComponent.dll (API version 3709383).
LogModuleManager: Display: Found up-to-date module file ../../../Engine/Plugins/Runtime/CustomMeshComponent/Binaries/Win64/UE4Editor-CustomMeshComponent.dll (API version 3709383).
LogModuleManager: Display: Found up-to-date module file ../../../Engine/Plugins/Runtime/ExampleDeviceProfileSelector/Binaries/Win64/UE4Editor-ExampleDeviceProfileSelector.dll (API version 3709383).
LogModuleManager: Display: Found up-to-date module file ../../../Engine/Plugins/Runtime/ImmediatePhysics/Binaries/Win64/UE4Editor-ImmediatePhysics.dll (API version 3709383).
LogModuleManager: Display: Found up-to-date module file ../../../Engine/Plugins/Runtime/ImmediatePhysics/Binaries/Win64/UE4Editor-ImmediatePhysicsEditor.dll (API version 3709383).
LogModuleManager: Display: Found up-to-date module file ../../../Engine/Plugins/Runtime/LocationServicesBPLibrary/Binaries/Win64/UE4Editor-LocationServicesBPLibrary.dll (API version 3709383).
LogModuleManager: Display: Found up-to-date module file ../../../Engine/Plugins/Runtime/MobilePatchingUtils/Binaries/Win64/UE4Editor-MobilePatchingUtils.dll (API version 3709383).
LogModuleManager: Display: Found up-to-date module file ../../../Engine/Plugins/Runtime/Oculus/OculusVR/Binaries/Win64/UE4Editor-OculusHMD.dll (API version 3709383).
LogModuleManager: Display: Found up-to-date module file ../../../Engine/Plugins/Runtime/Oculus/OculusVR/Binaries/Win64/UE4Editor-OculusInput.dll (API version 3709383).
LogModuleManager: Display: Found up-to-date module file ../../../Engine/Plugins/Runtime/Oculus/OculusVR/Binaries/Win64/UE4Editor-OculusEditor.dll (API version 3709383).
LogModuleManager: Display: Found up-to-date module file ../../../Engine/Plugins/Runtime/PhysXVehicles/Binaries/Win64/UE4Editor-PhysXVehicles.dll (API version 3709383).
LogModuleManager: Display: Found up-to-date module file ../../../Engine/Plugins/Runtime/PhysXVehicles/Binaries/Win64/UE4Editor-PhysXVehiclesEditor.dll (API version 3709383).
LogModuleManager: Display: Found up-to-date module file ../../../Engine/Plugins/Runtime/ProceduralMeshComponent/Binaries/Win64/UE4Editor-ProceduralMeshComponent.dll (API version 3709383).
LogModuleManager: Display: Found up-to-date module file ../../../Engine/Plugins/Runtime/ProceduralMeshComponent/Binaries/Win64/UE4Editor-ProceduralMeshComponentEditor.dll (API version 3709383).
LogModuleManager: Display: Found up-to-date module file ../../../Engine/Plugins/Runtime/RuntimePhysXCooking/Binaries/Win64/UE4Editor-RuntimePhysXCooking.dll (API version 3709383).
LogModuleManager: Display: Found up-to-date module file ../../../Engine/Plugins/Runtime/Steam/SteamVR/Binaries/Win64/UE4Editor-SteamVR.dll (API version 3709383).
LogModuleManager: Display: Found up-to-date module file ../../../Engine/Plugins/Runtime/Steam/SteamVR/Binaries/Win64/UE4Editor-SteamVRController.dll (API version 3709383).
LogModuleManager: Display: Found up-to-date module file ../../../Engine/Plugins/Runtime/WindowsMoviePlayer/Binaries/Win64/UE4Editor-WindowsMoviePlayer.dll (API version 3709383).
LogPluginManager: Mounting plugin Paper2D
LogPluginManager: Mounting plugin LightPropagationVolume
LogPluginManager: Mounting plugin CodeLiteSourceCodeAccess
LogPluginManager: Mounting plugin GitSourceControl
LogPluginManager: Mounting plugin KDevelopSourceCodeAccess
LogPluginManager: Mounting plugin NullSourceCodeAccess
LogPluginManager: Mounting plugin PerforceSourceControl
LogPluginManager: Mounting plugin SubversionSourceControl
LogPluginManager: Mounting plugin UObjectPlugin
LogPluginManager: Mounting plugin VisualStudioCodeSourceCodeAccess
LogPluginManager: Mounting plugin VisualStudioSourceCodeAccess
LogPluginManager: Mounting plugin XCodeSourceCodeAccess
LogPluginManager: Mounting plugin AssetManagerEditor
LogPluginManager: Mounting plugin AudioCapture
LogPluginManager: Mounting plugin FacialAnimation
LogPluginManager: Mounting plugin GameplayTagsEditor
LogPluginManager: Mounting plugin MobileLauncherProfileWizard
LogPluginManager: Mounting plugin PluginBrowser
LogPluginManager: Mounting plugin SpeedTreeImporter
LogPluginManager: Mounting plugin AlembicImporter
LogPluginManager: Mounting plugin CharacterAI
LogPluginManager: Mounting plugin HTML5Networking
LogPluginManager: Mounting plugin AndroidMedia
LogPluginManager: Mounting plugin AvfMedia
LogPluginManager: Mounting plugin ImgMedia
LogPluginManager: Mounting plugin MediaCompositing
LogPluginManager: Mounting plugin MediaPlayerEditor
LogPluginManager: Mounting plugin WmfMedia
LogPluginManager: Mounting plugin TcpMessaging
LogPluginManager: Mounting plugin UdpMessaging
LogPluginManager: Mounting plugin ActorSequence
LogPluginManager: Mounting plugin LevelSequenceEditor
LogPluginManager: Mounting plugin MatineeToLevelSequence
LogPluginManager: Mounting plugin OnlineSubsystem
LogPluginManager: Mounting plugin OnlineSubsystemNull
LogPluginManager: Mounting plugin OnlineSubsystemOculus
LogPluginManager: Mounting plugin OnlineSubsystemSteam
LogPluginManager: Mounting plugin OnlineSubsystemUtils
LogPluginManager: Mounting plugin AndroidMoviePlayer
LogPluginManager: Mounting plugin AndroidPermission
LogPluginManager: Mounting plugin AppleARKit
LogPluginManager: Mounting plugin AppleMoviePlayer
LogPluginManager: Mounting plugin ArchVisCharacter
LogPluginManager: Mounting plugin CableComponent
LogPluginManager: Mounting plugin CustomMeshComponent
LogPluginManager: Mounting plugin ExampleDeviceProfileSelector
LogPluginManager: Mounting plugin GoogleCloudMessaging
LogPluginManager: Mounting plugin ImmediatePhysics
LogPluginManager: Mounting plugin LocationServicesBPLibrary
LogPluginManager: Mounting plugin MobilePatchingUtils
LogPluginManager: Mounting plugin OculusAudio
LogPluginManager: Mounting plugin OculusVR
LogPluginManager: Plugin shader directory ../../../Engine/Plugins/Runtime/Oculus/OculusVR/Shaders found
LogPluginManager: Mapping shader source directory ../../../Engine/Plugins/Runtime/Oculus/OculusVR/Shaders to virtual directory /Plugin/OculusVR
LogPluginManager: Mounting plugin PhysXVehicles
LogPluginManager: Mounting plugin ProceduralMeshComponent
LogPluginManager: Mounting plugin RuntimePhysXCooking
LogPluginManager: Mounting plugin SteamVR
LogPluginManager: Mounting plugin WindowsMoviePlayer
LogInit: Using libcurl 7.47.1
LogInit:  - built for x86_64-pc-win32
LogInit:  - supports SSL with OpenSSL/1.0.2g
LogInit:  - supports HTTP deflate (compression) using libz 1.2.8
LogInit:  - other features:
LogInit:      CURL_VERSION_SSL
LogInit:      CURL_VERSION_LIBZ
LogInit:      CURL_VERSION_IPV6
LogInit:      CURL_VERSION_ASYNCHDNS
LogInit:      CURL_VERSION_LARGEFILE
LogInit:      CURL_VERSION_IDN
LogInit:  CurlRequestOptions (configurable via config and command line):
LogInit:  - bVerifyPeer = false  - Libcurl will NOT verify peer certificate
LogInit:  - bUseHttpProxy = false  - Libcurl will NOT use HTTP proxy
LogInit:  - bDontReuseConnections = false  - Libcurl will reuse connections
LogInit:  - CertBundlePath = nullptr  - Libcurl will use whatever was configured at build time.
LogOnline: Display: STEAM: Loading Steam SDK 1.39
LogOnline: Warning: STEAM: Steam API disabled!
LogOnline: Display: STEAM: OnlineSubsystemSteam::Shutdown()
LogInit: WinSock: version 1.1 (2.2), MaxSocks=32767, MaxUdp=65467
LogHMD: Failed initializing OVRPlugin 1.19.0
LogInit: Build: ++UE4+Release-4.18-CL-3794801
LogInit: Engine Version: 4.18.2-3794801+++UE4+Release-4.18
LogInit: Compatible Engine Version: 4.18.0-3709383+++UE4+Release-4.18
LogInit: Net CL: 3709383
LogDevObjectVersion: Number of dev versions registered: 16
LogDevObjectVersion:   Dev-Blueprints (B0D832E4-1F89-4F0D-ACCF-7EB736FD4AA2): 10
LogDevObjectVersion:   Dev-Build (E1C64328-A22C-4D53-A36C-8E866417BD8C): 0
LogDevObjectVersion:   Dev-Core (375EC13C-06E4-48FB-B500-84F0262A717E): 2
LogDevObjectVersion:   Dev-Editor (E4B068ED-F494-42E9-A231-DA0B2E46BB41): 20
LogDevObjectVersion:   Dev-Framework (CFFC743F-43B0-4480-9391-14DF171D2073): 30
LogDevObjectVersion:   Dev-Mobile (B02B49B5-BB20-44E9-A304-32B752E40360): 0
LogDevObjectVersion:   Dev-Networking (A4E4105C-59A1-49B5-A7C5-40C4547EDFEE): 0
LogDevObjectVersion:   Dev-Online (39C831C9-5AE6-47DC-9A44-9C173E1C8E7C): 0
LogDevObjectVersion:   Dev-Physics (78F01B33-EBEA-4F98-B9B4-84EACCB95AA2): 0
LogDevObjectVersion:   Dev-Platform (6631380F-2D4D-43E0-8009-CF276956A95A): 0
LogDevObjectVersion:   Dev-Rendering (12F88B9F-8875-4AFC-A67C-D90C383ABD29): 20
LogDevObjectVersion:   Dev-Sequencer (7B5AE74C-D270-4C10-A958-57980B212A5A): 4
LogDevObjectVersion:   Dev-VR (D7296918-1DD6-4BDD-9DE2-64A83CC13884): 0
LogDevObjectVersion:   Dev-LoadTimes (C2A15278-BFE7-4AFE-6C17-90FF531DF755): 1
LogDevObjectVersion:   Private-Geometry (6EACA3D4-40EC-4CC1-B786-8BED09428FC5): 1
LogDevObjectVersion:   Dev-AnimPhys (29E575DD-E0A3-4627-9D10-D276232CDCEA): 12
LogInit: Compiled (64-bit): Dec  8 2017 02:04:53
LogInit: Compiled with Visual C++: 19.00.24215.01
LogInit: Build Configuration: Development
LogInit: Branch Name: ++UE4+Release-4.18
LogInit: Command line:  
LogInit: Base directory: C:/Program Files/Epic Games/UE_4.18/Engine/Binaries/Win64/
LogInit: Installed Engine Build: 1
LogInit: Presizing for max 8388607 objects, including 0 objects not considered by GC, pre-allocating 0 bytes for permanent pool.
LogInit: Object subsystem initialized
[2018.05.03-13.46.11:692][  0]LogInit: Selected Device Profile: [Windows]
[2018.05.03-13.46.11:692][  0]LogInit: Applying CVar settings loaded from the selected device profile: [Windows]
[2018.05.03-13.46.11:716][  0]LogInit: Computer: DESKTOP-OIMP8PL
[2018.05.03-13.46.11:716][  0]LogInit: User: vr
[2018.05.03-13.46.11:716][  0]LogInit: CPU Page size=4096, Cores=4
[2018.05.03-13.46.11:716][  0]LogInit: High frequency timer resolution =3.914060 MHz
[2018.05.03-13.46.11:716][  0]LogMemory: Memory total: Physical=15.9GB (16GB approx)
[2018.05.03-13.46.11:716][  0]LogMemory: Platform Memory Stats for Windows
[2018.05.03-13.46.11:716][  0]LogMemory: Process Physical Memory: 280.45 MB used, 280.45 MB peak
[2018.05.03-13.46.11:716][  0]LogMemory: Process Virtual Memory: 277.51 MB used, 277.51 MB peak
[2018.05.03-13.46.11:716][  0]LogMemory: Physical Memory: 5957.01 MB used,  10314.65 MB free, 16271.66 MB total
[2018.05.03-13.46.11:716][  0]LogMemory: Virtual Memory: 739.54 MB used,  10314.65 MB free, 134217728.00 MB total
[2018.05.03-13.46.11:957][  0]LogInit: Using OS detected language (de-DE).
[2018.05.03-13.46.11:957][  0]LogInit: Using OS detected locale (de-CH).
[2018.05.03-13.46.12:003][  0]LogTextLocalizationManager: No localization for 'de-DE' exists, so 'en' will be used for the language.
[2018.05.03-13.46.12:003][  0]LogTextLocalizationManager: No localization for 'de-CH' exists, so 'en' will be used for the locale.
[2018.05.03-13.46.12:393][  0]LogInit: Setting process to per monitor DPI aware
[2018.05.03-13.46.14:227][  0]LogD3D11RHI: D3D11 adapters:
[2018.05.03-13.46.14:234][  0]LogD3D11RHI:    0. 'Intel(R) HD Graphics 530' (Feature Level 11_0)
[2018.05.03-13.46.14:234][  0]LogD3D11RHI:       128/0/8135 MB DedicatedVideo/DedicatedSystem/SharedSystem, Outputs:1, VendorId:0x8086
[2018.05.03-13.46.14:280][  0]LogD3D11RHI:    1. 'NVIDIA GeForce GTX 1080' (Feature Level 11_0)
[2018.05.03-13.46.14:280][  0]LogD3D11RHI:       8079/0/8135 MB DedicatedVideo/DedicatedSystem/SharedSystem, Outputs:0, VendorId:0x10de
[2018.05.03-13.46.14:281][  0]LogD3D11RHI:    2. 'Microsoft Basic Render Driver' (Feature Level 11_0)
[2018.05.03-13.46.14:281][  0]LogD3D11RHI:       0/0/8135 MB DedicatedVideo/DedicatedSystem/SharedSystem, Outputs:0, VendorId:0x1414
[2018.05.03-13.46.14:281][  0]LogD3D11RHI: Chosen D3D11 Adapter: 1
[2018.05.03-13.46.14:286][  0]LogD3D11RHI: Creating new Direct3DDevice
[2018.05.03-13.46.14:287][  0]LogD3D11RHI:     GPU DeviceId: 0x1b80 (for the marketing name, search the web for "GPU Device Id")
[2018.05.03-13.46.14:287][  0]LogWindows: EnumDisplayDevices:
[2018.05.03-13.46.14:287][  0]LogWindows:    0. 'NVIDIA GeForce GTX 1080' (P:0 D:0)
[2018.05.03-13.46.14:287][  0]LogWindows:    1. 'NVIDIA GeForce GTX 1080' (P:0 D:0)
[2018.05.03-13.46.14:287][  0]LogWindows:    2. 'NVIDIA GeForce GTX 1080' (P:0 D:0)
[2018.05.03-13.46.14:287][  0]LogWindows:    3. 'NVIDIA GeForce GTX 1080' (P:0 D:0)
[2018.05.03-13.46.14:287][  0]LogWindows:    4. 'Intel(R) HD Graphics 530' (P:1 D:1)
[2018.05.03-13.46.14:287][  0]LogWindows:    5. 'Intel(R) HD Graphics 530' (P:0 D:0)
[2018.05.03-13.46.14:288][  0]LogWindows:    6. 'Intel(R) HD Graphics 530' (P:0 D:0)
[2018.05.03-13.46.14:288][  0]LogWindows: DebugString: GetVideoDriverDetailsInvalid PrimaryIsNotTheChoosenAdapter GetVideoDriverDetailsInvalid PrimaryIsNotTheChoosenAdapter GetVideoDriverDetailsInvalid PrimaryIsNotTheChoosenAdapter GetVideoDriverDetailsInvalid PrimaryIsNotTheChoosenAdapter GetVideoDriverDetailsInvalid PrimaryIsNotTheChoosenAdapter GetVideoDriverDetailsInvalid PrimaryIsNotTheChoosenAdapter GetVideoDriverDetailsInvalid PrimaryIsNotTheChoosenAdapter FoundDriverCount:0 
[2018.05.03-13.46.14:288][  0]LogD3D11RHI:     Adapter Name: NVIDIA GeForce GTX 1080
[2018.05.03-13.46.14:288][  0]LogD3D11RHI:   Driver Version: Unknown (internal:Unknown, unified:Unknown)
[2018.05.03-13.46.14:288][  0]LogD3D11RHI:      Driver Date: Unknown
[2018.05.03-13.46.14:288][  0]LogRHI: Texture pool is 5655 MB (70% of 8079 MB)
[2018.05.03-13.46.14:330][  0]LogD3D11RHI: Async texture creation enabled
[2018.05.03-13.46.14:363][  0]LogD3D11RHI: GPU Timing Frequency: 1000.000000 (Debug: 2 2)
[2018.05.03-13.46.14:367][  0]LogShaderCompilers: Guid format shader working directory is -57 characters bigger than the processId version (../../../../../../Users/vr/Desktop/Proteus VR Template/ProteusTemplate-master/ProteusTemplate-master/Intermediate/Shaders/WorkingDirectory/5440/).
[2018.05.03-13.46.14:367][  0]LogShaderCompilers: Cleaned the shader compiler working directory 'C:/Users/vr/AppData/Local/Temp/UnrealShaderWorkingDir/AE8D79D243CBB9DB346F51B5860210B1/'.
[2018.05.03-13.46.14:368][  0]LogShaderCompilers: Display: Using Local Shader Compiler.
[2018.05.03-13.46.16:100][  0]LogTemp: Display: Loaded TP AllDesktopTargetPlatform
[2018.05.03-13.46.16:143][  0]LogTemp: Display: Loaded TP MacClientTargetPlatform
[2018.05.03-13.46.16:183][  0]LogTemp: Display: Loaded TP MacNoEditorTargetPlatform
[2018.05.03-13.46.16:224][  0]LogTemp: Display: Loaded TP MacServerTargetPlatform
[2018.05.03-13.46.16:269][  0]LogTemp: Display: Loaded TP MacTargetPlatform
[2018.05.03-13.46.16:309][  0]LogTemp: Display: Loaded TP WindowsClientTargetPlatform
[2018.05.03-13.46.16:351][  0]LogTemp: Display: Loaded TP WindowsNoEditorTargetPlatform
[2018.05.03-13.46.16:392][  0]LogTemp: Display: Loaded TP WindowsServerTargetPlatform
[2018.05.03-13.46.16:428][  0]LogTemp: Display: Loaded TP WindowsTargetPlatform
[2018.05.03-13.46.16:470][  0]LogTemp: Display: Loaded TP Android_ASTCTargetPlatform
[2018.05.03-13.46.16:511][  0]LogTemp: Display: Loaded TP Android_ATCTargetPlatform
[2018.05.03-13.46.16:553][  0]LogTemp: Display: Loaded TP Android_DXTTargetPlatform
[2018.05.03-13.46.16:597][  0]LogTemp: Display: Loaded TP Android_ETC1TargetPlatform
[2018.05.03-13.46.16:637][  0]LogTemp: Display: Loaded TP Android_ETC2TargetPlatform
[2018.05.03-13.46.16:720][  0]LogTemp: Display: Loaded TP Android_MultiTargetPlatform
[2018.05.03-13.46.16:720][  0]LogTemp: Display: Loaded TP Android_PVRTCTargetPlatform
[2018.05.03-13.46.16:767][  0]LogTemp: Display: Loaded TP AndroidTargetPlatform
[2018.05.03-13.46.16:798][  0]LogTemp: Display: Loaded TP HTML5TargetPlatform
[2018.05.03-13.46.16:882][  0]LogTemp: Display: Loaded TP IOSTargetPlatform
[2018.05.03-13.46.16:904][  0]LogTemp: Display: Loaded TP TVOSTargetPlatform
[2018.05.03-13.46.16:943][  0]LogTemp: Display: Loaded TP LinuxClientTargetPlatform
[2018.05.03-13.46.16:984][  0]LogTemp: Display: Loaded TP LinuxNoEditorTargetPlatform
[2018.05.03-13.46.17:030][  0]LogTemp: Display: Loaded TP LinuxServerTargetPlatform
[2018.05.03-13.46.17:082][  0]LogTemp: Display: Loaded TP LinuxTargetPlatform
[2018.05.03-13.46.17:082][  0]LogTargetPlatformManager: Display: Building Assets For Windows
[2018.05.03-13.46.17:565][  0]LogDerivedDataCache: Display: Max Cache Size: 512 MB
[2018.05.03-13.46.17:845][  0]LogDerivedDataCache: Loaded boot cache 0.28s 79MB C:/Users/vr/AppData/Local/UnrealEngine/4.18/DerivedDataCache/Boot.ddc.
[2018.05.03-13.46.17:845][  0]LogDerivedDataCache: Display: Loaded Boot cache: C:/Users/vr/AppData/Local/UnrealEngine/4.18/DerivedDataCache/Boot.ddc
[2018.05.03-13.46.17:845][  0]LogDerivedDataCache: FDerivedDataBackendGraph:  Pak pak cache file ../../../../../../Users/vr/Desktop/Proteus VR Template/ProteusTemplate-master/ProteusTemplate-master/DerivedDataCache/DDC.ddp not found, will not use a pak cache.
[2018.05.03-13.46.17:845][  0]LogDerivedDataCache: Unable to find inner node Pak for hierarchical cache Hierarchy.
[2018.05.03-13.46.17:845][  0]LogDerivedDataCache: FDerivedDataBackendGraph:  CompressedPak pak cache file ../../../../../../Users/vr/Desktop/Proteus VR Template/ProteusTemplate-master/ProteusTemplate-master/DerivedDataCache/Compressed.ddp not found, will not use a pak cache.
[2018.05.03-13.46.17:845][  0]LogDerivedDataCache: Unable to find inner node CompressedPak for hierarchical cache Hierarchy.
[2018.05.03-13.46.17:867][  0]LogDerivedDataCache: Display: Pak cache opened for reading ../../../Engine/DerivedDataCache/Compressed.ddp.
[2018.05.03-13.46.17:879][  0]LogDerivedDataCache: Using Local data cache path C:/Users/vr/AppData/Local/UnrealEngine/Common/DerivedDataCache: Writable
[2018.05.03-13.46.17:880][  0]LogMaterial: Verifying Global Shaders for PCD3D_SM5
[2018.05.03-13.46.19:177][  0]LogSlate: Using Freetype 2.6.0
[2018.05.03-13.46.19:189][  0]LogSlate: SlateFontCache - WITH_FREETYPE: 1, WITH_HARFBUZZ: 1
[2018.05.03-13.46.19:189][  0]LogSlate: SlateFontCache - WITH_FREETYPE: 1, WITH_HARFBUZZ: 1
[2018.05.03-13.46.20:079][  0]LogInit: Selected Device Profile: [Windows]
[2018.05.03-13.46.20:314][  0]LogMaterial: Missing cached shader map for material WorldGridMaterial, compiling. Is special engine material.
[2018.05.03-13.48.21:484][  0]LogMaterial: Missing cached shader map for material DefaultDeferredDecalMaterial, compiling. 
[2018.05.03-13.48.29:529][  0]LogMaterial: Missing cached shader map for material DefaultLightFunctionMaterial, compiling. 
[2018.05.03-13.48.30:268][  0]LogMaterial: Missing cached shader map for material DefaultPostProcessMaterial, compiling. 
[2018.05.03-13.48.30:804][  0]LogMaterial: Missing cached shader map for material MatineeCam_mat, compiling. 
[2018.05.03-13.48.31:116][  0]LogSimplygon: Simplygon DLL not present - disabling.
[2018.05.03-13.48.31:160][  0]LogMeshReduction: Using SimplygonSwarm for distributed automatic mesh merging
[2018.05.03-13.48.31:161][  0]LogMeshReduction: Using QuadricMeshReduction for automatic static mesh reduction
[2018.05.03-13.48.31:161][  0]LogMeshReduction: No automatic skeletal mesh reduction module available
[2018.05.03-13.48.31:161][  0]LogMeshReduction: No automatic mesh merging module available
[2018.05.03-13.48.31:161][  0]LogMeshMerging: No automatic mesh merging module available
[2018.05.03-13.48.31:225][  0]LogNetVersion: Proteus , NetCL: 3709383, EngineNetVer: 2, GameNetVer: 0 (Checksum: 4134815838)
[2018.05.03-13.48.31:297][  0]LogMaterial: Missing cached shader map for material HelpActorMaterial, compiling. 
[2018.05.03-13.48.31:598][  0]LogMaterial: Missing cached shader map for material DefaultTextMaterialOpaque, compiling. 
[2018.05.03-13.48.31:805][  0]LogAssetRegistry: FAssetRegistry took 0.0307 seconds to start up
[2018.05.03-13.48.31:869][  0]LogMaterial: Missing cached shader map for material Xray, compiling. 
[2018.05.03-13.48.31:898][  0]LogMaterial: Missing cached shader map for material Main, compiling. 
[2018.05.03-13.48.32:233][  0]LogMaterial: Missing cached shader map for material SnapGridMaterial, compiling. 
[2018.05.03-13.48.32:264][  0]LogMaterial: Missing cached shader map for material TranslucentTransformGizmoMaterial, compiling. 
[2018.05.03-13.48.32:280][  0]LogMaterial: Missing cached shader map for material TransformGizmoMaterial, compiling. 
[2018.05.03-13.48.32:370][  0]LogMaterial: Missing cached shader map for material CineMat, compiling. 
[2018.05.03-13.48.32:513][  0]LogMaterial: Missing cached shader map for material M_SimpleOpaque, compiling. 
[2018.05.03-13.48.32:561][  0]LogMaterial: Missing cached shader map for material M_SimpleTranslucent, compiling. 
[2018.05.03-13.48.32:736][  0]LogMaterial: Missing cached shader map for material Widget3DPassThrough, compiling. 
[2018.05.03-13.48.32:750][  0]LogMaterial: Missing cached shader map for material Widget3DPassThrough, compiling. 
[2018.05.03-13.48.32:789][  0]LogMaterial: Missing cached shader map for material Widget3DPassThrough, compiling. 
[2018.05.03-13.48.32:813][  0]LogMaterial: Missing cached shader map for material Widget3DPassThrough, compiling. 
[2018.05.03-13.48.32:834][  0]LogMaterial: Missing cached shader map for material Widget3DPassThrough, compiling. 
[2018.05.03-13.48.32:865][  0]LogMaterial: Missing cached shader map for material Widget3DPassThrough, compiling. 
[2018.05.03-13.48.33:072][  0]LogMaterial: Missing cached shader map for material SkySphereMaterial, compiling. 
[2018.05.03-13.48.33:101][  0]LogMaterial: Missing cached shader map for material FloorPlaneMaterial, compiling. 
[2018.05.03-13.48.33:250][  0]LogMaterial: Missing cached shader map for material LandscapeGizmo_Mat, compiling. 
[2018.05.03-13.48.33:298][  0]LogMaterial: Missing cached shader map for material LandscapeGizmoHeight_Mat, compiling. 
[2018.05.03-13.48.33:395][  0]LogMaterial: Missing cached shader map for material SplineEditorMeshMat, compiling. 
[2018.05.03-13.48.33:456][  0]LogMaterial: Missing cached shader map for material ARKitCameraMaterial, compiling. 
[2018.05.03-13.48.33:514][  0]LogMaterial: Missing cached shader map for material GearVRControllerMaterial, compiling. 
[2018.05.03-13.48.33:630][  0]LogPackageLocalizationCache: Processed 7 localized package path(s) for 1 prioritized culture(s) in 0.063612 seconds
[2018.05.03-13.48.33:639][  0]LogUObjectArray: 35907 objects as part of root set at end of initial load.
[2018.05.03-13.48.33:639][  0]LogUObjectAllocator: 7585960 out of 0 bytes used by permanent object pool.
[2018.05.03-13.48.33:639][  0]LogUObjectArray: CloseDisregardForGC: 0/0 objects in disregard for GC pool
[2018.05.03-13.48.39:384][  0]LogMaterial: Missing cached shader map for material FlattenHeightMat, compiling. 
[2018.05.03-13.48.39:403][  0]LogMaterial: Missing cached shader map for material ArrowMaterial, compiling. 
[2018.05.03-13.48.39:442][  0]LogMaterial: Missing cached shader map for material KeyDiskMaterial, compiling. 
[2018.05.03-13.48.39:472][  0]LogMaterial: Missing cached shader map for material M_ContentWindow, compiling. 
[2018.05.03-13.48.39:533][  0]LogMaterial: Missing cached shader map for material GenericHMDMaterial, compiling. 
[2018.05.03-13.48.39:564][  0]LogMaterial: Missing cached shader map for material TeleportDirectionMaterial, compiling. 
[2018.05.03-13.48.39:604][  0]LogMaterial: Missing cached shader map for material LaserPointerMaterial, compiling. 
[2018.05.03-13.48.39:633][  0]LogMaterial: Missing cached shader map for material LaserPointerMaterial, compiling. 
[2018.05.03-13.48.39:685][  0]LogMaterial: Missing cached shader map for material VivePreControllerMaterial, compiling. 
[2018.05.03-13.48.39:719][  0]LogMaterial: Missing cached shader map for material GridPostProcess, compiling. 
[2018.05.03-13.48.39:732][  0]LogMaterial: Missing cached shader map for material GridMaterial, compiling. 
[2018.05.03-13.48.39:749][  0]LogMaterial: Missing cached shader map for material VRTextMaterial, compiling. 
[2018.05.03-13.48.39:773][  0]LogMaterial: Missing cached shader map for material OculusControllerMaterial, compiling. 
[2018.05.03-13.48.39:822][  0]LogMaterial: Missing cached shader map for material LineMaterial, compiling. 
[2018.05.03-13.48.39:848][  0]LogMaterial: Missing cached shader map for material VRTextMaterial, compiling. 
[2018.05.03-13.48.41:142][  0]LogMaterial: Missing cached shader map for material DefaultSpriteMaterial, compiling. 
[2018.05.03-13.48.41:170][  0]LogMaterial: Missing cached shader map for material DefaultSpriteMaterial, compiling. 
[2018.05.03-13.48.41:733][  0]LogTcpMessaging: Initializing TcpMessaging bridge
[2018.05.03-13.48.41:787][  0]LogUdpMessaging: Initializing bridge on interface 0.0.0.0:0 to multicast group 230.0.0.1:6666.
[2018.05.03-13.48.42:238][  0]LogMaterial: Missing cached shader map for material DefaultMaterial, compiling. 
[2018.05.03-13.48.42:973][  0]LogMaterial: Missing cached shader map for material BaseColor, compiling. 
[2018.05.03-13.48.42:974][  0]LogMaterial: Warning: C:\Program Files\Epic Games\UE_4.18\Engine\Content\BufferVisualization\BaseColor.uasset: Failed to compile Material for platform PCD3D_SM5, Default Material will be used in game.
[2018.05.03-13.48.42:974][  0]LogMaterial: 	(Node SceneTexture) GBuffer scene textures not available with forward shading.
[2018.05.03-13.48.42:986][  0]LogMaterial: Missing cached shader map for material CustomDepth, compiling. 
[2018.05.03-13.48.43:050][  0]LogMaterial: Uniform references updated for custom material expression Custom.
[2018.05.03-13.48.43:054][  0]LogMaterial: Missing cached shader map for material CustomStencil, compiling. 
[2018.05.03-13.48.43:073][  0]LogMaterial: Missing cached shader map for material FinalImage, compiling. 
[2018.05.03-13.48.43:092][  0]LogMaterial: Missing cached shader map for material LightingModel, compiling. 
[2018.05.03-13.48.43:092][  0]LogMaterial: Warning: C:\Program Files\Epic Games\UE_4.18\Engine\Content\BufferVisualization\LightingModel.uasset: Failed to compile Material for platform PCD3D_SM5, Default Material will be used in game.
[2018.05.03-13.48.43:092][  0]LogMaterial: 	(Node SceneTexture) GBuffer scene textures not available with forward shading.
[2018.05.03-13.48.43:102][  0]LogMaterial: Missing cached shader map for material MaterialAO, compiling. 
[2018.05.03-13.48.43:102][  0]LogMaterial: Warning: C:\Program Files\Epic Games\UE_4.18\Engine\Content\BufferVisualization\MaterialAO.uasset: Failed to compile Material for platform PCD3D_SM5, Default Material will be used in game.
[2018.05.03-13.48.43:102][  0]LogMaterial: 	(Node SceneTexture) GBuffer scene textures not available with forward shading.
[2018.05.03-13.48.43:111][  0]LogMaterial: Missing cached shader map for material Metallic, compiling. 
[2018.05.03-13.48.43:112][  0]LogMaterial: Warning: C:\Program Files\Epic Games\UE_4.18\Engine\Content\BufferVisualization\Metallic.uasset: Failed to compile Material for platform PCD3D_SM5, Default Material will be used in game.
[2018.05.03-13.48.43:112][  0]LogMaterial: 	(Node SceneTexture) GBuffer scene textures not available with forward shading.
[2018.05.03-13.48.43:121][  0]LogMaterial: Missing cached shader map for material Opacity, compiling. 
[2018.05.03-13.48.43:121][  0]LogMaterial: Warning: C:\Program Files\Epic Games\UE_4.18\Engine\Content\BufferVisualization\Opacity.uasset: Failed to compile Material for platform PCD3D_SM5, Default Material will be used in game.
[2018.05.03-13.48.43:121][  0]LogMaterial: 	(Node SceneTexture) GBuffer scene textures not available with forward shading.
[2018.05.03-13.48.43:133][  0]LogMaterial: Missing cached shader map for material Roughness, compiling. 
[2018.05.03-13.48.43:133][  0]LogMaterial: Warning: C:\Program Files\Epic Games\UE_4.18\Engine\Content\BufferVisualization\Roughness.uasset: Failed to compile Material for platform PCD3D_SM5, Default Material will be used in game.
[2018.05.03-13.48.43:133][  0]LogMaterial: 	(Node SceneTexture) GBuffer scene textures not available with forward shading.
[2018.05.03-13.48.43:142][  0]LogMaterial: Missing cached shader map for material SceneColor, compiling. 
[2018.05.03-13.48.43:160][  0]LogMaterial: Missing cached shader map for material SceneDepth, compiling. 
[2018.05.03-13.48.43:179][  0]LogMaterial: Missing cached shader map for material SeparateTranslucencyRGB, compiling. 
[2018.05.03-13.48.43:199][  0]LogMaterial: Missing cached shader map for material SeparateTranslucencyA, compiling. 
[2018.05.03-13.48.43:218][  0]LogMaterial: Missing cached shader map for material Specular, compiling. 
[2018.05.03-13.48.43:218][  0]LogMaterial: Warning: C:\Program Files\Epic Games\UE_4.18\Engine\Content\BufferVisualization\Specular.uasset: Failed to compile Material for platform PCD3D_SM5, Default Material will be used in game.
[2018.05.03-13.48.43:218][  0]LogMaterial: 	(Node SceneTexture) GBuffer scene textures not available with forward shading.
[2018.05.03-13.48.43:229][  0]LogMaterial: Missing cached shader map for material SubsurfaceColor, compiling. 
[2018.05.03-13.48.43:229][  0]LogMaterial: Warning: C:\Program Files\Epic Games\UE_4.18\Engine\Content\BufferVisualization\SubsurfaceColor.uasset: Failed to compile Material for platform PCD3D_SM5, Default Material will be used in game.
[2018.05.03-13.48.43:230][  0]LogMaterial: 	(Node SceneTexture) GBuffer scene textures not available with forward shading.
[2018.05.03-13.48.43:240][  0]LogMaterial: Missing cached shader map for material WorldNormal, compiling. 
[2018.05.03-13.48.43:240][  0]LogMaterial: Warning: C:\Program Files\Epic Games\UE_4.18\Engine\Content\BufferVisualization\WorldNormal.uasset: Failed to compile Material for platform PCD3D_SM5, Default Material will be used in game.
[2018.05.03-13.48.43:240][  0]LogMaterial: 	(Node SceneTexture) GBuffer scene textures not available with forward shading.
[2018.05.03-13.48.43:255][  0]LogMaterial: Missing cached shader map for material AmbientOcclusion, compiling. 
[2018.05.03-13.48.43:290][  0]LogMaterial: Missing cached shader map for material CustomDepthWorldUnits, compiling. 
[2018.05.03-13.48.43:310][  0]LogMaterial: Missing cached shader map for material SceneDepthWorldUnits, compiling. 
[2018.05.03-13.48.43:330][  0]LogMaterial: Missing cached shader map for material PreTonemapHDRColor, compiling. 
[2018.05.03-13.48.43:349][  0]LogMaterial: Missing cached shader map for material PostTonemapHDRColor, compiling. 
[2018.05.03-13.48.43:868][  0]SourceControl: Source control is disabled
[2018.05.03-13.48.43:869][  0]SourceControl: Source control is disabled
[2018.05.03-13.48.43:948][  0]SourceControl: Source control is disabled
[2018.05.03-13.48.44:027][  0]SourceControl: Source control is disabled
[2018.05.03-13.48.44:799][  0]LogMaterial: Missing cached shader map for material DefaultMediaPlaneMaterial, compiling. 
[2018.05.03-13.48.45:237][  0]LogAndroidPermission: UAndroidPermissionCallbackProxy::GetInstance
[2018.05.03-13.48.45:600][  0]LogOcInput: OculusInput pre-init called
[2018.05.03-13.48.45:951][  0]LogMaterial: Missing cached shader map for material HighResScreenshot, compiling. 
[2018.05.03-13.48.45:981][  0]LogMaterial: Missing cached shader map for material HighResScreenshotMask, compiling. 
[2018.05.03-13.48.46:014][  0]LogMaterial: Missing cached shader map for material HighResScreenshotCaptureRegion, compiling. 
[2018.05.03-13.48.46:085][  0]LogEngine: Initializing Engine...
[2018.05.03-13.48.47:758][  0]LogHMD: SteamVR initialized.  Driver: lighthouse  Display: LHR-A9F9654A
[2018.05.03-13.48.47:771][  0]LogMaterial: Missing cached shader map for material WireframeMaterial, compiling. Is special engine material.
[2018.05.03-13.48.48:129][  0]LogMaterial: Missing cached shader map for material LevelColorationLitMaterial, compiling. Is special engine material.
[2018.05.03-13.48.48:981][  0]LogMaterial: Missing cached shader map for material LevelColorationUnlitMaterial, compiling. Is special engine material.
[2018.05.03-13.48.49:250][  0]LogMaterial: Missing cached shader map for material MAT_LevelColorationLitLightmapUV, compiling. Is special engine material.
[2018.05.03-13.48.50:101][  0]LogMaterial: Missing cached shader map for material ShadedLevelColorationLitMaterial, compiling. Is special engine material.
[2018.05.03-13.48.50:963][  0]LogMaterial: Missing cached shader map for material ShadedLevelColorationUnlitMateri, compiling. Is special engine material.
[2018.05.03-13.48.51:220][  0]LogMaterial: Missing cached shader map for material VertexColorMaterial, compiling. 
[2018.05.03-13.48.51:356][  0]LogMaterial: Missing cached shader map for material VertexColorViewMode_ColorOnly, compiling. 
[2018.05.03-13.48.51:394][  0]LogMaterial: Missing cached shader map for material VertexColorViewMode_AlphaAsColor, compiling. 
[2018.05.03-13.48.51:428][  0]LogMaterial: Missing cached shader map for material VertexColorViewMode_RedOnly, compiling. 
[2018.05.03-13.48.51:459][  0]LogMaterial: Missing cached shader map for material VertexColorViewMode_GreenOnly, compiling. 
[2018.05.03-13.48.51:495][  0]LogMaterial: Missing cached shader map for material VertexColorViewMode_BlueOnly, compiling. 
[2018.05.03-13.48.51:523][  0]LogMaterial: Missing cached shader map for material RemoveSurfaceMaterial, compiling. 
[2018.05.03-13.48.51:541][  0]LogMaterial: Missing cached shader map for material DebugMeshMaterial, compiling. 
[2018.05.03-13.48.51:576][  0]LogMaterial: Missing cached shader map for material M_InvalidLightmapSettings, compiling. 
[2018.05.03-13.48.51:639][  0]LogMaterial: Missing cached shader map for material GizmoMaterial, compiling. 
[2018.05.03-13.48.51:678][  0]LogMaterial: Missing cached shader map for material PhAT_JointLimitMaterial, compiling. 
[2018.05.03-13.48.51:717][  0]LogMaterial: Missing cached shader map for material GeomMaterial, compiling. 
[2018.05.03-13.48.51:740][  0]LogMaterial: Missing cached shader map for material EditorBrushMaterial, compiling. 
[2018.05.03-13.48.51:774][  0]LogMaterial: Missing cached shader map for material BoneWeightMaterial, compiling. 
[2018.05.03-13.48.51:911][  0]LogMaterial: Missing cached shader map for material ClothMaterial, compiling. 
[2018.05.03-13.48.51:941][  0]LogMaterial: Missing cached shader map for material ClothMaterial_WF, compiling. 
[2018.05.03-13.48.51:980][  0]LogMaterial: Missing cached shader map for material DebugEditorMaterial, compiling. 
[2018.05.03-13.48.52:013][  0]LogMaterial: Missing cached shader map for material PreviewShadowIndicatorMaterial, compiling. 
[2018.05.03-13.48.52:185][  0]LogStats: UGameplayTagsManager::ConstructGameplayTagTree: Construct from data asset -  0.000 s
[2018.05.03-13.48.52:186][  0]LogStats: UGameplayTagsManager::ConstructGameplayTagTree: GameplayTagTreeChangedEvent.Broadcast -  0.000 s
[2018.05.03-13.48.52:402][  0]LogAIModule: Creating AISystem for world Untitled
[2018.05.03-13.48.52:441][  0]LogInit: XAudio2 using 'HTC-VIVE (NVIDIA High Definition Audio)' : 2 channels at 48 kHz using 16 bits per sample (channel mask 0x3)
[2018.05.03-13.48.52:481][  0]LogInit: FAudioDevice initialized.
[2018.05.03-13.48.52:574][  0]LogDerivedDataCache: Saved boot cache 0.09s 81MB C:/Users/vr/AppData/Local/UnrealEngine/4.18/DerivedDataCache/Boot.ddc.
[2018.05.03-13.48.52:587][  0]LogInit: Texture streaming: Enabled
[2018.05.03-13.48.52:738][  0]LogEngineSessionManager: EngineSessionManager initialized
[2018.05.03-13.48.52:738][  0]LogEngineSessionManager: EngineSessionManager sent abnormal shutdown report. Type=AbnormalShutdown, SessionId={E6E00BD1-4E93-F2A6-E1A7-81A6755F5A08}
[2018.05.03-13.48.52:935][  0]LogInit: Transaction tracking system initialized
[2018.05.03-13.48.53:410][  0]BlueprintLog: New page: Editor Load
[2018.05.03-13.48.54:804][  0]LocalizationService: Localization service is disabled
[2018.05.03-13.48.55:957][  0]LogConsoleResponse: Display: 
[2018.05.03-13.48.56:026][  0]LogMaterial: Missing cached shader map for material Cross_Mat, compiling. 
[2018.05.03-13.48.56:059][  0]LogMaterial: Missing cached shader map for material PhAT_BoneSelectedMaterial, compiling. 
[2018.05.03-13.48.56:087][  0]LogMaterial: Missing cached shader map for material PhAT_ElemSelectedMaterial, compiling. 
[2018.05.03-13.48.56:113][  0]LogMaterial: Missing cached shader map for material PhAT_NoCollisionMaterial, compiling. 
[2018.05.03-13.48.56:140][  0]LogMaterial: Missing cached shader map for material PhAT_UnselectedMaterial, compiling. 
[2018.05.03-13.48.56:175][  0]LogMaterial: Missing cached shader map for material Tick_Mat, compiling. 
[2018.05.03-13.48.56:215][  0]LogMaterial: Missing cached shader map for material WidgetGridVertexColorMaterial_Ma, compiling. 
[2018.05.03-13.48.56:240][  0]LogMaterial: Missing cached shader map for material WidgetMaterial, compiling. 
[2018.05.03-13.48.56:265][  0]LogMaterial: Missing cached shader map for material WidgetMaterial_Current, compiling. 
[2018.05.03-13.48.56:290][  0]LogMaterial: Missing cached shader map for material WidgetMaterial_X, compiling. 
[2018.05.03-13.48.56:317][  0]LogMaterial: Missing cached shader map for material WidgetMaterial_Y, compiling. 
[2018.05.03-13.48.56:342][  0]LogMaterial: Missing cached shader map for material WidgetMaterial_Z, compiling. 
[2018.05.03-13.48.56:369][  0]LogMaterial: Missing cached shader map for material WidgetVertexColorMaterial, compiling. 
[2018.05.03-13.48.56:506][  0]LogMaterial: Missing cached shader map for material LevelGridMaterial, compiling. 
[2018.05.03-13.48.56:612][  0]LogMaterial: Missing cached shader map for material BlinkingCaret, compiling. 
[2018.05.03-13.48.56:736][  0]LogMaterial: Missing cached shader map for material M_StreamingPause, compiling. 
[2018.05.03-13.48.56:786][  0]LogCook: Display: Max memory allowance for cook 16384mb min free memory 0mb
[2018.05.03-13.48.56:786][  0]LogCook: Display: Mobile HDR setting 1
[2018.05.03-13.48.56:786][  0]LogGameplayTags: Display: UGameplayTagsManager::DoneAddingNativeTags. DelegateIsBound: 0
[2018.05.03-13.48.56:795][  0]LogFileCache: Scanning file cache for directory 'C:/Users/vr/Desktop/Proteus VR Template/ProteusTemplate-master/ProteusTemplate-master/Content/' took 0.02s
[2018.05.03-13.48.58:651][  0]SourceControl: Source control is disabled
[2018.05.03-13.48.58:653][  0]Cmd: MAP LOAD FILE="../../../../../../Users/vr/Desktop/Proteus VR Template/ProteusTemplate-master/ProteusTemplate-master/Content/Proteus_Multi/MainMenu.umap" TEMPLATE=0 SHOWPROGRESS=1 FEATURELEVEL=3
[2018.05.03-13.48.58:664][  0]LightingResults: New page: Lighting Build
[2018.05.03-13.48.58:727][  0]MapCheck: New page: Map Check
[2018.05.03-13.48.58:727][  0]LightingResults: New page: Lighting Build
[2018.05.03-13.49.03:830][  0]LogMaterial: Uniform references updated for custom material expression Custom.
[2018.05.03-13.49.03:893][  0]LogTexture: Display: Building textures: VREssentialKItMap (AutoDXT, 200X200)
[2018.05.03-13.49.03:893][  0]LogStaticMesh: Building static mesh Pole...
[2018.05.03-13.49.03:900][  0]LogTexture: Display: Building textures: LQ_Lightmap_0_1 (DXT1, 256X256)
[2018.05.03-13.49.03:900][  0]LogTexture: Display: Building textures: HQ_Lightmap0_1 (AutoDXT, 256X256)
[2018.05.03-13.49.03:900][  0]LogTexture: Display: Building textures: SkyOcclusion0_1 (AutoDXT, 256X128)
[2018.05.03-13.49.03:900][  0]LogTexture: Display: Building textures: ShadowMapTexture2D_2 (G8, 1024X16)
[2018.05.03-13.49.03:900][  0]LogStaticMesh: Built static mesh [0.01s] /Game/Proteus_Multi/Meshes/Pole.Pole
[2018.05.03-13.49.04:077][  0]LogMaterial: Missing cached shader map for material WorldGridMaterial, compiling. Is special engine material.
[2018.05.03-13.49.16:931][  0]LogAnimationCompression: Building Anim DDC data for AnimSequence /Game/Proteus_Multi/TouchControllers/PRESSEDANIM.PRESSEDANIM
[2018.05.03-13.49.16:931][  0]LogAnimationCompression: Recompressing (AnimSequence /Game/Proteus_Multi/TouchControllers/PRESSEDANIM.PRESSEDANIM) using current/default (AnimCompress_BitwiseCompressOnly_0) bFirstRecompressUsingCurrentOrDefault(1) bTryAlternateCompressor(0) IsCompressedDataValid(0)
[2018.05.03-13.49.16:934][  0]LogAnimationCompression: Building Anim DDC data for AnimSequence /Game/Proteus_Multi/TouchControllers/IDLEANIM.IDLEANIM
[2018.05.03-13.49.16:934][  0]LogAnimationCompression: Recompressing (AnimSequence /Game/Proteus_Multi/TouchControllers/IDLEANIM.IDLEANIM) using current/default (AnimCompress_BitwiseCompressOnly_0) bFirstRecompressUsingCurrentOrDefault(1) bTryAlternateCompressor(0) IsCompressedDataValid(0)
[2018.05.03-13.49.16:949][  0]LogAnimationCompression: Building Anim DDC data for AnimSequence /Game/Proteus_Multi/Hands/CVR_Hand_Frame2.CVR_Hand_Frame2
[2018.05.03-13.49.16:949][  0]LogAnimationCompression: Recompressing (AnimSequence /Game/Proteus_Multi/Hands/CVR_Hand_Frame2.CVR_Hand_Frame2) using current/default (AnimCompress_BitwiseCompressOnly_0) bFirstRecompressUsingCurrentOrDefault(1) bTryAlternateCompressor(0) IsCompressedDataValid(0)
[2018.05.03-13.49.16:949][  0]LogAnimationCompression: Building Anim DDC data for AnimSequence /Game/Proteus_Multi/Hands/CVR_Hand_Idle.CVR_Hand_Idle
[2018.05.03-13.49.16:949][  0]LogAnimationCompression: Recompressing (AnimSequence /Game/Proteus_Multi/Hands/CVR_Hand_Idle.CVR_Hand_Idle) using current/default (AnimCompress_BitwiseCompressOnly_0) bFirstRecompressUsingCurrentOrDefault(1) bTryAlternateCompressor(0) IsCompressedDataValid(0)
[2018.05.03-13.49.16:949][  0]LogAnimationCompression: Building Anim DDC data for AnimSequence /Game/Proteus_Multi/Hands/CVR_Hand_Frame4.CVR_Hand_Frame4
[2018.05.03-13.49.16:949][  0]LogAnimationCompression: Recompressing (AnimSequence /Game/Proteus_Multi/Hands/CVR_Hand_Frame4.CVR_Hand_Frame4) using current/default (AnimCompress_BitwiseCompressOnly_0) bFirstRecompressUsingCurrentOrDefault(1) bTryAlternateCompressor(0) IsCompressedDataValid(0)
[2018.05.03-13.49.16:949][  0]LogAnimationCompression: Building Anim DDC data for AnimSequence /Game/Proteus_Multi/Hands/CVR_Hand_Frame3.CVR_Hand_Frame3
[2018.05.03-13.49.16:950][  0]LogAnimationCompression: Recompressing (AnimSequence /Game/Proteus_Multi/Hands/CVR_Hand_Frame3.CVR_Hand_Frame3) using current/default (AnimCompress_BitwiseCompressOnly_0) bFirstRecompressUsingCurrentOrDefault(1) bTryAlternateCompressor(0) IsCompressedDataValid(0)
[2018.05.03-13.49.17:214][  0]LogMaterial: Missing cached shader map for material Pole_UP_M, compiling. 
[2018.05.03-13.49.17:260][  0]LogMaterial: Missing cached shader map for material Avatar01_Material, compiling. 
[2018.05.03-13.49.17:415][  0]LogMaterial: Missing cached shader map for material Avatar_Exp_M, compiling. 
[2018.05.03-13.49.17:566][  0]LogStaticMesh: Building static mesh Avatar_Head...
[2018.05.03-13.49.17:848][  0]LogStaticMesh: Built static mesh [0.28s] /Game/Proteus_Multi/Head/Avatar_Head.Avatar_Head
[2018.05.03-13.49.17:907][  0]LogMaterial: Missing cached shader map for material M_SplineArcMat, compiling. 
[2018.05.03-13.49.19:122][  0]LogMaterial: Missing cached shader map for material Controller_Vive_MAT, compiling. 
[2018.05.03-13.49.19:319][  0]LogAnimationCompression: Building Anim DDC data for AnimSequence /Game/Proteus_Multi/ViveControllers/Vive_Controller_V2_PullPose.Vive_Controller_V2_PullPose
[2018.05.03-13.49.19:319][  0]LogAnimationCompression: Recompressing (AnimSequence /Game/Proteus_Multi/ViveControllers/Vive_Controller_V2_PullPose.Vive_Controller_V2_PullPose) using current/default (AnimCompress_BitwiseCompressOnly_1) bFirstRecompressUsingCurrentOrDefault(1) bTryAlternateCompressor(0) IsCompressedDataValid(0)
[2018.05.03-13.49.19:320][  0]LogAnimationCompression: Building Anim DDC data for AnimSequence /Game/Proteus_Multi/ViveControllers/Vive_Controller_V2_Idle.Vive_Controller_V2_Idle
[2018.05.03-13.49.19:320][  0]LogAnimationCompression: Recompressing (AnimSequence /Game/Proteus_Multi/ViveControllers/Vive_Controller_V2_Idle.Vive_Controller_V2_Idle) using current/default (AnimCompress_BitwiseCompressOnly_1) bFirstRecompressUsingCurrentOrDefault(1) bTryAlternateCompressor(0) IsCompressedDataValid(0)
[2018.05.03-13.49.19:325][  0]LogMaterial: Missing cached shader map for material Pole_Up_M2, compiling. 
[2018.05.03-13.49.19:367][  0]LogMaterial: Missing cached shader map for material BasicShapeMaterial, compiling. 
[2018.05.03-13.49.19:473][  0]LogMaterial: Missing cached shader map for material Controller_Shinny_MC, compiling. 
[2018.05.03-13.49.19:633][  0]LogMaterial: Missing cached shader map for material Controller_Mat_MC, compiling. 
[2018.05.03-13.49.19:792][  0]LogMaterial: Missing cached shader map for material M_TeleportPreviews, compiling. 
[2018.05.03-13.49.19:831][  0]LogMaterial: Missing cached shader map for material M_ArcEndpoint, compiling. 
[2018.05.03-13.49.19:899][  0]LogStaticMesh: Building static mesh ViveTracker_S...
[2018.05.03-13.49.19:902][  0]LogStaticMesh: Built static mesh [0.00s] /Game/Proteus_Multi/ViveTracker/ViveTracker_S.ViveTracker_S
[2018.05.03-13.49.19:905][  0]LogMaterial: Missing cached shader map for material Yellow_M, compiling. 
[2018.05.03-13.49.19:936][  0]LogMaterial: Missing cached shader map for material LED_M, compiling. 
[2018.05.03-13.49.19:978][  0]LogMaterial: Missing cached shader map for material Blue_M, compiling. 
[2018.05.03-13.49.20:009][  0]LogMaterial: Missing cached shader map for material Black_M, compiling. 
[2018.05.03-13.49.20:128][  0]LogMaterial: Missing cached shader map for material Controller_Tron_Clu, compiling. 
[2018.05.03-13.49.20:283][  0]LogMaterial: Missing cached shader map for material Controller_Tron_Aqua, compiling. 
[2018.05.03-13.49.20:436][  0]LogMaterial: Missing cached shader map for material Controller_Carbon_Fiber, compiling. 
[2018.05.03-13.49.20:591][  0]LogMaterial: Missing cached shader map for material Controller_Apperture_Orange, compiling. 
[2018.05.03-13.49.20:768][  0]LogAIModule: Creating AISystem for world MainMenu
[2018.05.03-13.49.21:486][  0]LogEditorServer: Finished looking for orphan Actors (0.000 secs)
[2018.05.03-13.49.21:542][  0]Cmd: MAP CHECKDEP NOCLEARLOG
[2018.05.03-13.49.21:625][  0]MapCheck: Map check complete: 0 Error(s), 0 Warning(s), took 82.533ms to complete.
[2018.05.03-13.49.21:626][  0]LogFileHelpers: Loading map 'MainMenu' took 22.974
[2018.05.03-13.49.21:889][  0]LogCollectionManager: Loaded 0 collections in 0.002271 seconds
[2018.05.03-13.49.22:010][  0]LogFileCache: Scanning file cache for directory 'C:/Users/vr/Desktop/Proteus VR Template/ProteusTemplate-master/ProteusTemplate-master/Saved/Collections/' took 0.01s
[2018.05.03-13.49.22:010][  0]LogFileCache: Scanning file cache for directory 'C:/Users/vr/Desktop/Proteus VR Template/ProteusTemplate-master/ProteusTemplate-master/Content/Developers/vr/Collections/' took 0.01s
[2018.05.03-13.49.22:010][  0]LogFileCache: Scanning file cache for directory 'C:/Users/vr/Desktop/Proteus VR Template/ProteusTemplate-master/ProteusTemplate-master/Content/Collections/' took 0.01s
[2018.05.03-13.49.22:010][  0]LogCollectionManager: Rebuilt the GUID cache for 0 collections in 0.000001 seconds
[2018.05.03-13.49.22:024][  0]LogContentBrowser: Native class hierarchy populated in 0.0113 seconds. Added 2371 classes and 525 folders.
[2018.05.03-13.49.22:122][  0]LogContentBrowser: Native class hierarchy updated for 'WidgetCarousel' in 0.0003 seconds. Added 0 classes and 0 folders.
[2018.05.03-13.49.22:592][  0]LogContentBrowser: Native class hierarchy updated for 'AddContentDialog' in 0.0003 seconds. Added 0 classes and 0 folders.
[2018.05.03-13.49.22:662][  0]LogContentBrowser: Native class hierarchy updated for 'SceneOutliner' in 0.0004 seconds. Added 1 classes and 2 folders.
[2018.05.03-13.49.22:892][  0]LogSlate: Took 0.006662 seconds to synchronously load lazily loaded font '../../../Engine/Content/Slate/Fonts/Roboto-Regular.ttf' (155K)
[2018.05.03-13.49.22:903][  0]LogSlate: Took 0.007731 seconds to synchronously load lazily loaded font '../../../Engine/Content/Slate/Fonts/Roboto-Bold.ttf' (160K)
[2018.05.03-13.49.22:919][  0]LogSlate: Took 0.007115 seconds to synchronously load lazily loaded font '../../../Engine/Content/Editor/Slate/Fonts/FontAwesome.ttf' (139K)
[2018.05.03-13.49.23:051][  0]LogMaterial: Missing cached shader map for material LevelGridMaterial2, compiling. 
[2018.05.03-13.49.23:156][  0]LogRenderer: Reallocating scene render targets to support 1340x528 Format 10 NumSamples 4 (Frame:1).
[2018.05.03-13.49.23:477][  0]LogContentBrowser: Native class hierarchy updated for 'HierarchicalLODOutliner' in 0.0003 seconds. Added 1 classes and 2 folders.
[2018.05.03-13.49.23:477][  0]LogLoad: (Engine Initialization) Total time: 196.16 seconds
[2018.05.03-13.49.23:477][  0]LogLoad: (Engine Initialization) Total Blueprint compile time: 0.00 seconds
[2018.05.03-13.49.23:477][  0]LogExternalProfiler: Found external profiler: VSPerf
[2018.05.03-13.49.23:477][  0]LogExternalProfiler: Using external profiler: VSPerf
[2018.05.03-13.49.23:540][  0]LogContentStreaming: Texture pool size now 1000 MB
[2018.05.03-13.49.23:653][  0]LogRenderer: Reallocating scene render targets to support 1340x544 Format 10 NumSamples 4 (Frame:3).
[2018.05.03-13.49.23:653][  0]LogSlate: Took 0.006120 seconds to synchronously load lazily loaded font '../../../Engine/Content/Slate/Fonts/Roboto-Light.ttf' (159K)
[2018.05.03-13.49.23:681][  1]LogAssetRegistry: Asset discovery search completed in 51.8975 seconds
[2018.05.03-13.49.23:684][  1]LogCollectionManager: Rebuilt the object cache for 0 collections in 0.000001 seconds (found 0 objects)
[2018.05.03-13.49.23:684][  1]LogCollectionManager: Fixed up redirectors for 0 collections in 0.000071 seconds (updated 0 objects)
[2018.05.03-13.49.24:526][ 65]LogSlate: Took 0.000207 seconds to synchronously load lazily loaded font '../../../Engine/Content/Slate/Fonts/Roboto-Light.ttf' (159K)
[2018.05.03-13.49.32:618][306]LogWindowsTextInputMethodSystem: Display: IME system now deactivated.
[2018.05.03-13.49.32:818][307]Cmd: QUIT_EDITOR
[2018.05.03-13.49.32:869][307]LogExit: Preparing to exit.
[2018.05.03-13.49.33:898][307]LogDirectoryWatcher: A directory notification for 'C:/Users/vr/Desktop/Proteus VR Template/ProteusTemplate-master/ProteusTemplate-master/Content/' was aborted.
[2018.05.03-13.49.33:969][307]LogExit: Editor shut down
[2018.05.03-13.49.33:972][307]LogExit: Transaction tracking system shut down
[2018.05.03-13.49.34:180][307]LogDirectoryWatcher: A directory notification for '../../../Engine/Content/' was aborted.
[2018.05.03-13.49.34:180][307]LogDirectoryWatcher: A directory notification for '../../../../../../Users/vr/Desktop/Proteus VR Template/ProteusTemplate-master/ProteusTemplate-master/Content/' was aborted.
[2018.05.03-13.49.34:181][307]LogDirectoryWatcher: A directory notification for '../../../Engine/Plugins/2D/Paper2D/Content/' was aborted.
[2018.05.03-13.49.34:181][307]LogDirectoryWatcher: A directory notification for '../../../Engine/Plugins/Media/MediaCompositing/Content/' was aborted.
[2018.05.03-13.49.34:181][307]LogDirectoryWatcher: A directory notification for '../../../Engine/Plugins/Runtime/AppleARKit/Content/' was aborted.
[2018.05.03-13.49.34:181][307]LogDirectoryWatcher: A directory notification for '../../../Engine/Plugins/Runtime/Oculus/OculusVR/Content/' was aborted.
[2018.05.03-13.49.34:181][307]LogDirectoryWatcher: A directory notification for '../../../Engine/Plugins/Runtime/Steam/SteamVR/Content/' was aborted.
[2018.05.03-13.49.34:266][307]LogExit: Object subsystem successfully closed.
[2018.05.03-13.49.34:283][307]LogD3D11RHI: Shutdown
[2018.05.03-13.49.34:283][307]LogD3D11RHI: CleanupD3DDevice
[2018.05.03-13.49.34:285][307]LogD3D11RHI: ~FD3D11DynamicRHI
[2018.05.03-13.49.34:303][307]LogModuleManager: Shutting down and abandoning module HierarchicalLODOutliner (554)
[2018.05.03-13.49.34:304][307]LogModuleManager: Shutting down and abandoning module SceneOutliner (552)
[2018.05.03-13.49.34:304][307]LogModuleManager: Shutting down and abandoning module AddContentDialog (550)
[2018.05.03-13.49.34:304][307]LogDirectoryWatcher: A directory notification for 'C:/Program Files/Epic Games/UE_4.18/FeaturePacks/' was aborted.
[2018.05.03-13.49.34:304][307]LogModuleManager: Shutting down and abandoning module WidgetCarousel (549)
[2018.05.03-13.49.34:304][307]LogModuleManager: Shutting down and abandoning module EditorWidgets (546)
[2018.05.03-13.49.34:304][307]LogModuleManager: Shutting down and abandoning module CollectionManager (544)
[2018.05.03-13.49.34:305][307]LogDirectoryWatcher: A directory notification for 'C:/Users/vr/Desktop/Proteus VR Template/ProteusTemplate-master/ProteusTemplate-master/Content/Collections/' was aborted.
[2018.05.03-13.49.34:305][307]LogDirectoryWatcher: A directory notification for 'C:/Users/vr/Desktop/Proteus VR Template/ProteusTemplate-master/ProteusTemplate-master/Content/Developers/vr/Collections/' was aborted.
[2018.05.03-13.49.34:305][307]LogDirectoryWatcher: A directory notification for 'C:/Users/vr/Desktop/Proteus VR Template/ProteusTemplate-master/ProteusTemplate-master/Saved/Collections/' was aborted.
[2018.05.03-13.49.34:305][307]LogModuleManager: Shutting down and abandoning module StatsViewer (542)
[2018.05.03-13.49.34:305][307]LogModuleManager: Shutting down and abandoning module FoliageEdit (540)
[2018.05.03-13.49.34:305][307]LogModuleManager: Shutting down and abandoning module LandscapeEditor (538)
[2018.05.03-13.49.34:305][307]LogModuleManager: Shutting down and abandoning module MeshPaintMode (536)
[2018.05.03-13.49.34:305][307]LogModuleManager: Shutting down and abandoning module SceneDepthPickerMode (534)
[2018.05.03-13.49.34:305][307]LogModuleManager: Shutting down and abandoning module ActorPickerMode (532)
[2018.05.03-13.49.34:305][307]LogModuleManager: Shutting down and abandoning module GeometryMode (530)
[2018.05.03-13.49.34:305][307]LogModuleManager: Shutting down and abandoning module TextureAlignMode (528)
[2018.05.03-13.49.34:305][307]LogModuleManager: Shutting down and abandoning module BspMode (526)
[2018.05.03-13.49.34:305][307]LogModuleManager: Shutting down and abandoning module PIEPreviewDeviceProfileSelector (524)
[2018.05.03-13.49.34:305][307]LogModuleManager: Shutting down and abandoning module HardwareSurvey (522)
[2018.05.03-13.49.34:305][307]LogModuleManager: Shutting down and abandoning module SequenceRecorderSections (520)
[2018.05.03-13.49.34:305][307]LogModuleManager: Shutting down and abandoning module AutomationWorker (518)
[2018.05.03-13.49.34:305][307]LogModuleManager: Shutting down and abandoning module MatineeToLevelSequence (516)
[2018.05.03-13.49.34:305][307]LogModuleManager: Shutting down and abandoning module LevelSequenceEditor (514)
[2018.05.03-13.49.34:306][307]LogModuleManager: Shutting down and abandoning module PlacementMode (513)
[2018.05.03-13.49.34:306][307]LogModuleManager: Shutting down and abandoning module WmfMediaFactory (510)
[2018.05.03-13.49.34:306][307]LogModuleManager: Shutting down and abandoning module WmfMediaEditor (508)
[2018.05.03-13.49.34:306][307]LogModuleManager: Shutting down and abandoning module OpenExrWrapper (506)
[2018.05.03-13.49.34:306][307]LogModuleManager: Shutting down and abandoning module ImgMediaFactory (504)
[2018.05.03-13.49.34:306][307]LogModuleManager: Shutting down and abandoning module ImgMediaEditor (502)
[2018.05.03-13.49.34:306][307]LogModuleManager: Shutting down and abandoning module AvfMediaFactory (500)
[2018.05.03-13.49.34:306][307]LogModuleManager: Shutting down and abandoning module AvfMediaEditor (498)
[2018.05.03-13.49.34:306][307]LogModuleManager: Shutting down and abandoning module AndroidMediaFactory (496)
[2018.05.03-13.49.34:306][307]LogModuleManager: Shutting down and abandoning module AndroidMediaEditor (494)
[2018.05.03-13.49.34:306][307]LogModuleManager: Shutting down and abandoning module CharacterAI (492)
[2018.05.03-13.49.34:306][307]LogModuleManager: Shutting down and abandoning module AudioCapture (490)
[2018.05.03-13.49.34:306][307]LogModuleManager: Shutting down and abandoning module SequenceRecorder (489)
[2018.05.03-13.49.34:306][307]LogModuleManager: Shutting down and abandoning module SmartSnapping (486)
[2018.05.03-13.49.34:306][307]LogModuleManager: Shutting down and abandoning module SessionServices (484)
[2018.05.03-13.49.34:306][307]LogModuleManager: Shutting down and abandoning module ViewportSnapping (482)
[2018.05.03-13.49.34:306][307]LogModuleManager: Shutting down and abandoning module ViewportInteraction (480)
[2018.05.03-13.49.34:306][307]LogModuleManager: Shutting down and abandoning module ClothPainter (478)
[2018.05.03-13.49.34:307][307]LogModuleManager: Shutting down and abandoning module SkeletalMeshEditor (477)
[2018.05.03-13.49.34:307][307]LogModuleManager: Shutting down and abandoning module LogVisualizer (474)
[2018.05.03-13.49.34:307][307]LogModuleManager: Shutting down and abandoning module IntroTutorials (472)
[2018.05.03-13.49.34:308][307]LogModuleManager: Shutting down and abandoning module GameProjectGeneration (471)
[2018.05.03-13.49.34:308][307]LogModuleManager: Shutting down and abandoning module IOSPlatformEditor (468)
[2018.05.03-13.49.34:308][307]LogModuleManager: Shutting down and abandoning module HTML5PlatformEditor (466)
[2018.05.03-13.49.34:308][307]LogModuleManager: Shutting down and abandoning module AndroidPlatformEditor (464)
[2018.05.03-13.49.34:308][307]LogModuleManager: Shutting down and abandoning module AndroidDeviceDetection (463)
[2018.05.03-13.49.34:390][307]LogModuleManager: Shutting down and abandoning module WindowsPlatformEditor (460)
[2018.05.03-13.49.34:390][307]LogModuleManager: Shutting down and abandoning module IOSRuntimeSettings (458)
[2018.05.03-13.49.34:390][307]LogModuleManager: Shutting down and abandoning module AndroidRuntimeSettings (456)
[2018.05.03-13.49.34:390][307]LogModuleManager: Shutting down and abandoning module InputBindingEditor (454)
[2018.05.03-13.49.34:390][307]LogModuleManager: Shutting down and abandoning module MergeActors (452)
[2018.05.03-13.49.34:390][307]LogModuleManager: Shutting down and abandoning module SizeMap (450)
[2018.05.03-13.49.34:390][307]LogModuleManager: Shutting down and abandoning module TreeMap (448)
[2018.05.03-13.49.34:390][307]LogModuleManager: Shutting down and abandoning module ReferenceViewer (446)
[2018.05.03-13.49.34:390][307]LogModuleManager: Shutting down and abandoning module LocalizationDashboard (444)
[2018.05.03-13.49.34:391][307]LogModuleManager: Shutting down and abandoning module LocalizationService (443)
[2018.05.03-13.49.34:391][307]LogModuleManager: Shutting down and abandoning module HardwareTargeting (440)
[2018.05.03-13.49.34:391][307]LogModuleManager: Shutting down and abandoning module DeviceProfileEditor (438)
[2018.05.03-13.49.34:391][307]LogModuleManager: Shutting down and abandoning module UndoHistory (436)
[2018.05.03-13.49.34:391][307]LogModuleManager: Shutting down and abandoning module XmlParser (434)
[2018.05.03-13.49.34:391][307]LogModuleManager: Shutting down and abandoning module Blutility (432)
[2018.05.03-13.49.34:391][307]LogModuleManager: Shutting down and abandoning module ProjectSettingsViewer (430)
[2018.05.03-13.49.34:391][307]LogModuleManager: Shutting down and abandoning module ProjectTargetPlatformEditor (429)
[2018.05.03-13.49.34:391][307]LogModuleManager: Shutting down and abandoning module EditorSettingsViewer (426)
[2018.05.03-13.49.34:391][307]LogModuleManager: Shutting down and abandoning module SettingsEditor (424)
[2018.05.03-13.49.34:391][307]LogModuleManager: Shutting down and abandoning module ProjectLauncher (422)
[2018.05.03-13.49.34:391][307]LogModuleManager: Shutting down and abandoning module SessionFrontend (420)
[2018.05.03-13.49.34:391][307]LogModuleManager: Shutting down and abandoning module ProfilerClient (418)
[2018.05.03-13.49.34:392][307]LogModuleManager: Shutting down and abandoning module DeviceManager (416)
[2018.05.03-13.49.34:392][307]LogModuleManager: Shutting down and abandoning module TargetDeviceServices (415)
[2018.05.03-13.49.34:458][307]LogModuleManager: Shutting down and abandoning module AutomationController (412)
[2018.05.03-13.49.34:458][307]LogModuleManager: Shutting down and abandoning module AutomationWindow (410)
[2018.05.03-13.49.34:459][307]LogModuleManager: Shutting down and abandoning module Layers (408)
[2018.05.03-13.49.34:460][307]LogModuleManager: Shutting down and abandoning module ComponentVisualizers (406)
[2018.05.03-13.49.34:460][307]LogModuleManager: Shutting down and abandoning module DetailCustomizations (404)
[2018.05.03-13.49.34:460][307]LogModuleManager: Shutting down and abandoning module PackagesDialog (402)
[2018.05.03-13.49.34:460][307]LogModuleManager: Shutting down and abandoning module Persona (400)
[2018.05.03-13.49.34:461][307]LogModuleManager: Shutting down and abandoning module AdvancedPreviewScene (399)
[2018.05.03-13.49.34:461][307]LogModuleManager: Shutting down and abandoning module AnimGraph (397)
[2018.05.03-13.49.34:461][307]LogModuleManager: Shutting down and abandoning module Kismet (394)
[2018.05.03-13.49.34:466][307]LogModuleManager: Shutting down and abandoning module ClassViewer (392)
[2018.05.03-13.49.34:466][307]LogModuleManager: Shutting down and abandoning module Toolbox (390)
[2018.05.03-13.49.34:466][307]LogModuleManager: Shutting down and abandoning module ModuleUI (388)
[2018.05.03-13.49.34:466][307]LogModuleManager: Shutting down and abandoning module MovieSceneTools (386)
[2018.05.03-13.49.34:467][307]LogModuleManager: Shutting down and abandoning module OutputLog (384)
[2018.05.03-13.49.34:467][307]LogModuleManager: Shutting down and abandoning module GammaUI (382)
[2018.05.03-13.49.34:467][307]LogModuleManager: Shutting down and abandoning module Documentation (380)
[2018.05.03-13.49.34:467][307]LogModuleManager: Shutting down and abandoning module MovieSceneTracks (378)
[2018.05.03-13.49.34:467][307]LogModuleManager: Shutting down and abandoning module MovieScene (376)
[2018.05.03-13.49.34:467][307]LogModuleManager: Shutting down and abandoning module StreamingPauseRendering (374)
[2018.05.03-13.49.34:467][307]LogModuleManager: Shutting down and abandoning module LauncherPlatform (372)
[2018.05.03-13.49.34:468][307]LogModuleManager: Shutting down and abandoning module AnalyticsET (370)
[2018.05.03-13.49.34:468][307]LogModuleManager: Shutting down and abandoning module PortalServices (368)
[2018.05.03-13.49.34:468][307]LogModuleManager: Shutting down and abandoning module PortalRpc (366)
[2018.05.03-13.49.34:468][307]LogModuleManager: Shutting down and abandoning module MessagingRpc (364)
[2018.05.03-13.49.34:468][307]LogModuleManager: Shutting down and abandoning module AIModule (362)
[2018.05.03-13.49.34:468][307]LogModuleManager: Shutting down and abandoning module GameplayDebugger (361)
[2018.05.03-13.49.34:468][307]LogModuleManager: Shutting down and abandoning module AITestSuite (359)
[2018.05.03-13.49.34:468][307]LogModuleManager: Shutting down and abandoning module DesktopPlatform (356)
[2018.05.03-13.49.34:468][307]LogModuleManager: Shutting down and abandoning module ProfilerService (354)
[2018.05.03-13.49.34:481][307]LogModuleManager: Shutting down and abandoning module TaskGraph (352)
[2018.05.03-13.49.34:481][307]LogModuleManager: Shutting down and abandoning module SteamVRController (350)
[2018.05.03-13.49.34:481][307]LogModuleManager: Shutting down and abandoning module ProceduralMeshComponentEditor (348)
[2018.05.03-13.49.34:481][307]LogModuleManager: Shutting down and abandoning module ProceduralMeshComponent (346)
[2018.05.03-13.49.34:481][307]LogModuleManager: Shutting down and abandoning module OculusInput (344)
[2018.05.03-13.49.34:481][307]LogModuleManager: Shutting down and abandoning module MobilePatchingUtils (342)
[2018.05.03-13.49.34:481][307]LogModuleManager: Shutting down and abandoning module CustomMeshComponent (340)
[2018.05.03-13.49.34:481][307]LogModuleManager: Shutting down and abandoning module CableComponent (338)
[2018.05.03-13.49.34:481][307]LogModuleManager: Shutting down and abandoning module ArchVisCharacter (336)
[2018.05.03-13.49.34:481][307]LogModuleManager: Shutting down and abandoning module AndroidPermission (334)
[2018.05.03-13.49.34:481][307]LogModuleManager: Shutting down and abandoning module ActorSequence (330)
[2018.05.03-13.49.34:481][307]LogModuleManager: Shutting down and abandoning module MediaPlayerEditor (328)
[2018.05.03-13.49.34:482][307]LogModuleManager: Shutting down and abandoning module MediaCompositingEditor (326)
[2018.05.03-13.49.34:482][307]LogModuleManager: Shutting down and abandoning module MediaCompositing (324)
[2018.05.03-13.49.34:482][307]LogModuleManager: Shutting down and abandoning module HTML5Networking (322)
[2018.05.03-13.49.34:482][307]LogModuleManager: Shutting down and abandoning module AlembicImporter (320)
[2018.05.03-13.49.34:482][307]LogModuleManager: Shutting down and abandoning module AlembicLibrary (319)
[2018.05.03-13.49.34:482][307]LogModuleManager: Shutting down and abandoning module GeometryCache (318)
[2018.05.03-13.49.34:482][307]LogModuleManager: Shutting down and abandoning module GeometryCacheEd (317)
[2018.05.03-13.49.34:482][307]LogModuleManager: Shutting down and abandoning module SpeedTreeImporter (312)
[2018.05.03-13.49.34:482][307]LogModuleManager: Shutting down and abandoning module PluginBrowser (310)
[2018.05.03-13.49.34:482][307]LogModuleManager: Shutting down and abandoning module MobileLauncherProfileWizard (308)
[2018.05.03-13.49.34:483][307]LogModuleManager: Shutting down and abandoning module VisualStudioSourceCodeAccess (306)
[2018.05.03-13.49.34:483][307]LogModuleManager: Shutting down and abandoning module VisualStudioCodeSourceCodeAccess (304)
[2018.05.03-13.49.34:483][307]LogModuleManager: Shutting down and abandoning module UObjectPlugin (302)
[2018.05.03-13.49.34:483][307]LogModuleManager: Shutting down and abandoning module SubversionSourceControl (300)
[2018.05.03-13.49.34:483][307]LogModuleManager: Shutting down and abandoning module PerforceSourceControl (298)
[2018.05.03-13.49.34:483][307]LogModuleManager: Shutting down and abandoning module GitSourceControl (296)
[2018.05.03-13.49.34:483][307]LogModuleManager: Shutting down and abandoning module SourceControl (295)
[2018.05.03-13.49.34:483][307]LogModuleManager: Shutting down and abandoning module LightPropagationVolumeEditor (292)
[2018.05.03-13.49.34:483][307]LogModuleManager: Shutting down and abandoning module PaperTiledImporter (290)
[2018.05.03-13.49.34:483][307]LogModuleManager: Shutting down and abandoning module PaperSpriteSheetImporter (288)
[2018.05.03-13.49.34:483][307]LogModuleManager: Shutting down and abandoning module Paper2DEditor (286)
[2018.05.03-13.49.34:483][307]LogModuleManager: Shutting down and abandoning module MeshPaint (285)
[2018.05.03-13.49.34:483][307]LogModuleManager: Shutting down and abandoning module LevelEditor (283)
[2018.05.03-13.49.34:484][307]LogModuleManager: Shutting down and abandoning module PixelInspectorModule (282)
[2018.05.03-13.49.34:484][307]LogModuleManager: Shutting down and abandoning module MainFrame (280)
[2018.05.03-13.49.34:484][307]LogModuleManager: Shutting down and abandoning module HotReload (279)
[2018.05.03-13.49.34:484][307]LogDirectoryWatcher: A directory notification for 'C:/Users/vr/Desktop/Proteus VR Template/ProteusTemplate-master/ProteusTemplate-master/Binaries/Win64' was aborted.
[2018.05.03-13.49.34:484][307]LogModuleManager: Shutting down and abandoning module RuntimePhysXCooking (274)
[2018.05.03-13.49.34:484][307]LogModuleManager: Shutting down and abandoning module PhysXVehiclesEditor (272)
[2018.05.03-13.49.34:484][307]LogModuleManager: Shutting down and abandoning module PhysXVehicles (270)
[2018.05.03-13.49.34:484][307]LogModuleManager: Shutting down and abandoning module OculusEditor (268)
[2018.05.03-13.49.34:484][307]LogModuleManager: Shutting down and abandoning module LocationServicesBPLibrary (266)
[2018.05.03-13.49.34:484][307]LogModuleManager: Shutting down and abandoning module ImmediatePhysicsEditor (264)
[2018.05.03-13.49.34:484][307]LogModuleManager: Shutting down and abandoning module ImmediatePhysics (262)
[2018.05.03-13.49.34:484][307]LogModuleManager: Shutting down and abandoning module UdpMessaging (260)
[2018.05.03-13.49.34:586][307]LogModuleManager: Shutting down and abandoning module TcpMessaging (258)
[2018.05.03-13.49.34:749][307]LogModuleManager: Shutting down and abandoning module GameplayTagsEditor (256)
[2018.05.03-13.49.34:749][307]LogModuleManager: Shutting down and abandoning module FacialAnimationEditor (254)
[2018.05.03-13.49.34:749][307]LogModuleManager: Shutting down and abandoning module FacialAnimation (252)
[2018.05.03-13.49.34:749][307]LogModuleManager: Shutting down and abandoning module AssetManagerEditor (250)
[2018.05.03-13.49.34:749][307]LogModuleManager: Shutting down and abandoning module GraphEditor (249)
[2018.05.03-13.49.34:751][307]LogModuleManager: Shutting down and abandoning module ContentBrowser (247)
[2018.05.03-13.49.34:751][307]LogModuleManager: Shutting down and abandoning module LightPropagationVolumeRuntime (244)
[2018.05.03-13.49.34:751][307]LogModuleManager: Shutting down and abandoning module Paper2D (242)
[2018.05.03-13.49.34:751][307]LogModuleManager: Shutting down and abandoning module WindowsMoviePlayer (240)
[2018.05.03-13.49.34:751][307]LogModuleManager: Shutting down and abandoning module WmfMedia (238)
[2018.05.03-13.49.34:753][307]LogModuleManager: Shutting down and abandoning module ImgMedia (236)
[2018.05.03-13.49.34:753][307]LogModuleManager: Shutting down and abandoning module PacketHandler (234)
[2018.05.03-13.49.34:753][307]LogModuleManager: Shutting down and abandoning module ClothingSystemEditor (232)
[2018.05.03-13.49.34:753][307]LogModuleManager: Shutting down and abandoning module ClothingSystemRuntime (230)
[2018.05.03-13.49.34:753][307]LogModuleManager: Shutting down and abandoning module MediaAssets (228)
[2018.05.03-13.49.34:753][307]LogModuleManager: Shutting down and abandoning module Media (227)
[2018.05.03-13.49.34:759][307]LogModuleManager: Shutting down and abandoning module Overlay (224)
[2018.05.03-13.49.34:759][307]LogModuleManager: Shutting down and abandoning module OverlayEditor (223)
[2018.05.03-13.49.34:759][307]LogModuleManager: Shutting down and abandoning module VREditor (220)
[2018.05.03-13.49.34:760][307]LogModuleManager: Shutting down and abandoning module StringTableEditor (218)
[2018.05.03-13.49.34:760][307]LogModuleManager: Shutting down and abandoning module GameplayTasksEditor (216)
[2018.05.03-13.49.34:760][307]LogModuleManager: Shutting down and abandoning module BehaviorTreeEditor (214)
[2018.05.03-13.49.34:760][307]LogModuleManager: Shutting down and abandoning module FunctionalTesting (212)
[2018.05.03-13.49.34:760][307]LogModuleManager: Shutting down and abandoning module CollisionAnalyzer (210)
[2018.05.03-13.49.34:760][307]LogModuleManager: Shutting down and abandoning module WorkspaceMenuStructure (209)
[2018.05.03-13.49.34:760][307]LogModuleManager: Shutting down and abandoning module UMG (206)
[2018.05.03-13.49.34:760][307]LogModuleManager: Shutting down and abandoning module UMGEditor (205)
[2018.05.03-13.49.34:761][307]LogModuleManager: Shutting down and abandoning module Sequencer (204)
[2018.05.03-13.49.34:762][307]LogModuleManager: Shutting down and abandoning module MessageLog (201)
[2018.05.03-13.49.34:762][307]LogModuleManager: Shutting down and abandoning module SlateReflector (196)
[2018.05.03-13.49.34:762][307]LogModuleManager: Shutting down and abandoning module Slate (194)
[2018.05.03-13.49.34:762][307]LogModuleManager: Shutting down and abandoning module EditorStyle (192)
[2018.05.03-13.49.34:764][307]LogModuleManager: Shutting down and abandoning module MRMesh (190)
[2018.05.03-13.49.34:764][307]LogModuleManager: Shutting down and abandoning module SourceCodeAccess (188)
[2018.05.03-13.49.34:764][307]LogModuleManager: Shutting down and abandoning module HeadMountedDisplay (186)
[2018.05.03-13.49.34:764][307]LogModuleManager: Shutting down and abandoning module XAudio2 (184)
[2018.05.03-13.49.34:764][307]LogModuleManager: Shutting down and abandoning module Networking (182)
[2018.05.03-13.49.34:764][307]LogModuleManager: Shutting down and abandoning module Core (180)
[2018.05.03-13.49.34:764][307]LogModuleManager: Shutting down and abandoning module LevelSequence (176)
[2018.05.03-13.49.34:764][307]LogModuleManager: Shutting down and abandoning module DirectoryWatcher (174)
[2018.05.03-13.49.34:764][307]LogDirectoryWatcher: A directory notification for 'C:/Program Files/Epic Games/UE_4.18/Templates/TemplateResources/High/Geometry/Content' was aborted.
[2018.05.03-13.49.34:765][307]LogModuleManager: Shutting down and abandoning module KismetCompiler (172)
[2018.05.03-13.49.34:765][307]LogModuleManager: Shutting down and abandoning module MeshUtilities (170)
[2018.05.03-13.49.34:765][307]LogModuleManager: Shutting down and abandoning module MeshMergeUtilities (169)
[2018.05.03-13.49.34:765][307]LogModuleManager: Shutting down and abandoning module MeshReductionInterface (168)
[2018.05.03-13.49.34:765][307]LogModuleManager: Shutting down and abandoning module SimplygonSwarm (167)
[2018.05.03-13.49.34:765][307]LogModuleManager: Shutting down and abandoning module SimplygonMeshReduction (165)
[2018.05.03-13.49.34:765][307]LogModuleManager: Shutting down and abandoning module QuadricMeshReduction (163)
[2018.05.03-13.49.34:765][307]LogModuleManager: Shutting down and abandoning module MaterialBaking (159)
[2018.05.03-13.49.34:765][307]LogModuleManager: Shutting down and abandoning module DerivedDataCache (156)
[2018.05.03-13.49.34:821][307]LogDerivedDataCache: Shutdown
[2018.05.03-13.49.34:821][307]LogModuleManager: Shutting down and abandoning module TargetPlatform (154)
[2018.05.03-13.49.34:821][307]LogModuleManager: Shutting down and abandoning module VulkanShaderFormat (153)
[2018.05.03-13.49.34:821][307]LogModuleManager: Shutting down and abandoning module ShaderFormatVectorVM (151)
[2018.05.03-13.49.34:821][307]LogModuleManager: Shutting down and abandoning module ShaderFormatOpenGL (149)
[2018.05.03-13.49.34:822][307]LogModuleManager: Shutting down and abandoning module ShaderFormatD3D (147)
[2018.05.03-13.49.34:822][307]LogModuleManager: Shutting down and abandoning module MetalShaderFormat (145)
[2018.05.03-13.49.34:822][307]LogModuleManager: Shutting down and abandoning module TextureFormatUncompressed (143)
[2018.05.03-13.49.34:822][307]LogModuleManager: Shutting down and abandoning module TextureFormatPVR (141)
[2018.05.03-13.49.34:822][307]LogModuleManager: Shutting down and abandoning module TextureFormatDXT (139)
[2018.05.03-13.49.34:822][307]LogModuleManager: Shutting down and abandoning module TextureFormatIntelISPCTexComp (137)
[2018.05.03-13.49.34:822][307]LogModuleManager: Shutting down and abandoning module TextureFormatASTC (135)
[2018.05.03-13.49.34:822][307]LogModuleManager: Shutting down and abandoning module ImageWrapper (134)
[2018.05.03-13.49.34:822][307]LogModuleManager: Shutting down and abandoning module TextureFormatAndroid (131)
[2018.05.03-13.49.34:822][307]LogModuleManager: Shutting down and abandoning module AudioFormatOpus (129)
[2018.05.03-13.49.34:822][307]LogModuleManager: Shutting down and abandoning module AudioFormatOgg (127)
[2018.05.03-13.49.34:822][307]LogModuleManager: Shutting down and abandoning module AudioFormatADPCM (125)
[2018.05.03-13.49.34:822][307]LogModuleManager: Shutting down and abandoning module LinuxTargetPlatform (123)
[2018.05.03-13.49.34:822][307]LogModuleManager: Shutting down and abandoning module LinuxServerTargetPlatform (121)
[2018.05.03-13.49.34:822][307]LogModuleManager: Shutting down and abandoning module LinuxNoEditorTargetPlatform (119)
[2018.05.03-13.49.34:822][307]LogModuleManager: Shutting down and abandoning module LinuxClientTargetPlatform (117)
[2018.05.03-13.49.34:822][307]LogModuleManager: Shutting down and abandoning module TVOSTargetPlatform (115)
[2018.05.03-13.49.34:822][307]LogModuleManager: Shutting down and abandoning module Messaging (113)
[2018.05.03-13.49.34:822][307]LogModuleManager: Shutting down and abandoning module IOSTargetPlatform (111)
[2018.05.03-13.49.34:822][307]LogModuleManager: Shutting down and abandoning module HTML5TargetPlatform (109)
[2018.05.03-13.49.34:822][307]LogModuleManager: Shutting down and abandoning module AndroidTargetPlatform (107)
[2018.05.03-13.49.34:822][307]LogModuleManager: Shutting down and abandoning module Android_PVRTCTargetPlatform (105)
[2018.05.03-13.49.34:822][307]LogModuleManager: Shutting down and abandoning module Android_MultiTargetPlatform (103)
[2018.05.03-13.49.34:822][307]LogModuleManager: Shutting down and abandoning module Android_ETC2TargetPlatform (101)
[2018.05.03-13.49.34:822][307]LogModuleManager: Shutting down and abandoning module Android_ETC1TargetPlatform (99)
[2018.05.03-13.49.34:822][307]LogModuleManager: Shutting down and abandoning module Android_DXTTargetPlatform (97)
[2018.05.03-13.49.34:822][307]LogModuleManager: Shutting down and abandoning module Android_ATCTargetPlatform (95)
[2018.05.03-13.49.34:822][307]LogModuleManager: Shutting down and abandoning module Android_ASTCTargetPlatform (93)
[2018.05.03-13.49.34:822][307]LogModuleManager: Shutting down and abandoning module WindowsTargetPlatform (91)
[2018.05.03-13.49.34:822][307]LogModuleManager: Shutting down and abandoning module WindowsServerTargetPlatform (89)
[2018.05.03-13.49.34:822][307]LogModuleManager: Shutting down and abandoning module WindowsNoEditorTargetPlatform (87)
[2018.05.03-13.49.34:822][307]LogModuleManager: Shutting down and abandoning module WindowsClientTargetPlatform (85)
[2018.05.03-13.49.34:822][307]LogModuleManager: Shutting down and abandoning module MacTargetPlatform (83)
[2018.05.03-13.49.34:822][307]LogModuleManager: Shutting down and abandoning module MacServerTargetPlatform (81)
[2018.05.03-13.49.34:822][307]LogModuleManager: Shutting down and abandoning module MacNoEditorTargetPlatform (79)
[2018.05.03-13.49.34:822][307]LogModuleManager: Shutting down and abandoning module MacClientTargetPlatform (77)
[2018.05.03-13.49.34:822][307]LogModuleManager: Shutting down and abandoning module AllDesktopTargetPlatform (75)
[2018.05.03-13.49.34:823][307]LogModuleManager: Shutting down and abandoning module InputCore (72)
[2018.05.03-13.49.34:823][307]LogModuleManager: Shutting down and abandoning module Settings (70)
[2018.05.03-13.49.34:823][307]LogModuleManager: Shutting down and abandoning module PhysXCooking (68)
[2018.05.03-13.49.34:823][307]LogModuleManager: Shutting down and abandoning module SteamVR (66)
[2018.05.03-13.49.34:823][307]LogModuleManager: Shutting down and abandoning module OculusHMD (64)
[2018.05.03-13.49.34:823][307]LogModuleManager: Shutting down and abandoning module OculusAudio (62)
[2018.05.03-13.49.34:823][307]LogModuleManager: Shutting down and abandoning module ExampleDeviceProfileSelector (60)
[2018.05.03-13.49.34:823][307]LogModuleManager: Shutting down and abandoning module AppleARKit (58)
[2018.05.03-13.49.34:823][307]LogModuleManager: Shutting down and abandoning module AugmentedReality (57)
[2018.05.03-13.49.34:823][307]LogModuleManager: Shutting down and abandoning module OnlineBlueprintSupport (54)
[2018.05.03-13.49.34:823][307]LogModuleManager: Shutting down and abandoning module OnlineSubsystem (50)
[2018.05.03-13.49.34:823][307]LogOnline: Display: OSS: FOnlineSubsystemNull::Shutdown()
[2018.05.03-13.49.34:823][307]LogOnline: Display: OSS: FOnlineAsyncTaskManager::Stop() ActiveTask:0000000000000000 Tasks[0/0]
[2018.05.03-13.49.34:824][307]LogOnline: Display: OSS: FOnlineAsyncTaskManager::Exit() started
[2018.05.03-13.49.34:824][307]LogOnline: Display: OSS: FOnlineAsyncTaskManager::Exit() finished
[2018.05.03-13.49.34:824][307]LogModuleManager: Shutting down and abandoning module XMPP (43)
[2018.05.03-13.49.34:824][307]LogModuleManager: Shutting down and abandoning module HTTP (41)
[2018.05.03-13.49.34:824][307]LogHttp: Display: Http module shutting down, but needs to wait on 1 outstanding Http requests:
[2018.05.03-13.49.34:824][307]LogHttp: Display: 	verb=[POST] url=[https://datarouter.ol.epicgames.com/datarouter/api/v1/public/data?SessionID=%7B14BD0AB1-4198-C436-3561-49A1AFB87E31%7D&AppID=UEEditor.Rocket.Release&AppVersion=4.18.2-3794801%2B%2B%2BUE4%2BRelease-4.18&UserID=3f977fde46485d2e28c6ffbc1740b697%7Caf57b6b63e6d44c39d4eb5dd0ebf4e28%7Cf776c8ce-0467-4cf7-9b03-74d0fe34d219&AppEnvironment=datacollector-binary&UploadType=eteventstream] status=Processing
[2018.05.03-13.49.34:857][307]LogModuleManager: Shutting down and abandoning module SSL (40)
[2018.05.03-13.49.34:858][307]LogModuleManager: Shutting down and abandoning module AnimationModifiers (36)
[2018.05.03-13.49.34:859][307]LogModuleManager: Shutting down and abandoning module PropertyEditor (35)
[2018.05.03-13.49.34:859][307]LogModuleManager: Shutting down and abandoning module AudioEditor (32)
[2018.05.03-13.49.34:859][307]LogModuleManager: Shutting down and abandoning module TextureCompressor (30)
[2018.05.03-13.49.34:859][307]LogModuleManager: Shutting down and abandoning module ShaderCore (28)
[2018.05.03-13.49.34:859][307]LogModuleManager: Shutting down and abandoning module Landscape (26)
[2018.05.03-13.49.34:859][307]LogModuleManager: Shutting down and abandoning module SlateRHIRenderer (24)
[2018.05.03-13.49.34:860][307]LogModuleManager: Shutting down and abandoning module OpenGLDrv (22)
[2018.05.03-13.49.34:860][307]LogModuleManager: Shutting down and abandoning module D3D11RHI (20)
[2018.05.03-13.49.34:860][307]LogModuleManager: Shutting down and abandoning module AnimGraphRuntime (18)
[2018.05.03-13.49.34:860][307]LogModuleManager: Shutting down and abandoning module Renderer (16)
[2018.05.03-13.49.34:860][307]LogModuleManager: Shutting down and abandoning module Engine (14)
[2018.05.03-13.49.34:860][307]LogModuleManager: Shutting down and abandoning module CoreUObject (12)
[2018.05.03-13.49.34:860][307]LogModuleManager: Shutting down and abandoning module NetworkFile (10)
[2018.05.03-13.49.34:860][307]LogModuleManager: Shutting down and abandoning module CookedIterativeFile (8)
[2018.05.03-13.49.34:860][307]LogModuleManager: Shutting down and abandoning module StreamingFile (6)
[2018.05.03-13.49.34:860][307]LogModuleManager: Shutting down and abandoning module SandboxFile (4)
[2018.05.03-13.49.34:860][307]LogModuleManager: Shutting down and abandoning module PakFile (2)
[2018.05.03-13.49.34:862][307]LogExit: Exiting.
[2018.05.03-13.49.34:879][307]Log file closed, 05/03/18 15:49:34
